Loading anaconda...
...Anaconda env loaded
directing: X rim_enhanced: False test_id 2
removed wrong scan: weights_X_203_xwqg-B00027_2020-04-30.npy
removed wrong scan: weights_X_194_xwqg-B00034_2020-04-03.npy
removed wrong scan: weights_X_132_xwqg-B00034_2020-04-03.npy
removed wrong scan: weights_X_36_xwqg-B00027_2020-04-30.npy
removed wrong scan: weights_X_82_xwqg-A00121_2019-05-15.npy
removed wrong scan: weights_X_83_xwqg-A00085_2019-09-16.npy
removed wrong scan: weights_X_11_xwqg-A00085_2019-09-16.npy
removed wrong scan: weights_X_45_xwqg-A00085_2019-09-16.npy
removed wrong scan: weights_X_46_xwqg-A00121_2019-05-15.npy
removed wrong scan: weights_X_35_xwqg-B00027_2020-04-30.npy
removed wrong scan: weights_X_37_xwqg-A00085_2019-09-16.npy
removed wrong scan: weights_X_55_xwqg-A00121_2019-05-15.npy
removed wrong scan: weights_X_145_xwqg-B00034_2020-04-03.npy
removed wrong scan: weights_X_70_xwqg-A00121_2019-05-15.npy
removed wrong scan: weights_X_9_xwqg-B00027_2020-04-30.npy
removed wrong scan: weights_X_223_xwqg-A00121_2019-05-15.npy
removed wrong scan: weights_X_135_xwqg-B00034_2020-04-03.npy
removed wrong scan: weights_X_157_xwqg-A00121_2019-05-15.npy
removed wrong scan: weights_X_42_xwqg-B00027_2020-04-30.npy
removed wrong scan: weights_X_144_xwqg-B00027_2020-04-30.npy
removed wrong scan: weights_X_69_xwqg-B00027_2020-04-30.npy
removed wrong scan: weights_X_165_xwqg-B00034_2020-04-03.npy
removed wrong scan: weights_X_172_xwqg-B00027_2020-04-30.npy
removed wrong scan: weights_X_81_xwqg-B00034_2020-04-03.npy
removed wrong scan: weights_X_17_xwqg-A00121_2019-05-15.npy
removed wrong scan: weights_X_78_xwqg-B00027_2020-04-30.npy
removed wrong scan: weights_X_23_xwqg-B00027_2020-04-30.npy
removed wrong scan: weights_X_76_xwqg-B00034_2020-04-03.npy
removed wrong scan: weights_X_146_xwqg-B00034_2020-04-03.npy
removed wrong scan: weights_X_14_xwqg-B00027_2020-04-30.npy
removed wrong scan: weights_X_25_xwqg-B00027_2020-04-30.npy
removed wrong scan: weights_X_170_xwqg-B00034_2020-04-03.npy
removed wrong scan: weights_X_26_xwqg-A00121_2019-05-15.npy
removed wrong scan: weights_X_98_xwqg-B00027_2020-04-30.npy
removed wrong scan: weights_X_199_xwqg-B00034_2020-04-03.npy
removed wrong scan: weights_X_112_xwqg-B00034_2020-04-03.npy
removed wrong scan: weights_X_164_xwqg-B00034_2020-04-03.npy
removed wrong scan: weights_X_3_xwqg-B00034_2020-04-03.npy
removed wrong scan: weights_X_118_xwqg-A00085_2019-09-16.npy
removed wrong scan: weights_X_198_xwqg-B00034_2020-04-03.npy
removed wrong scan: weights_X_55_xwqg-B00034_2020-04-03.npy
removed wrong scan: weights_X_95_xwqg-A00085_2019-09-16.npy
removed wrong scan: weights_X_19_xwqg-A00085_2019-09-16.npy
removed wrong scan: weights_X_56_xwqg-A00085_2019-09-16.npy
removed wrong scan: weights_X_222_xwqg-A00121_2019-05-15.npy
removed wrong scan: weights_X_183_xwqg-A00121_2019-05-15.npy
removed wrong scan: weights_X_239_xwqg-A00121_2019-05-15.npy
removed wrong scan: weights_X_74_xwqg-A00085_2019-09-16.npy
removed wrong scan: weights_X_184_xwqg-B00034_2020-04-03.npy
removed wrong scan: weights_X_57_xwqg-A00085_2019-09-16.npy
removed wrong scan: weights_X_22_xwqg-A00121_2019-05-15.npy
removed wrong scan: weights_X_135_xwqg-A00085_2019-09-16.npy
removed wrong scan: weights_X_216_xwqg-A00121_2019-05-15.npy
removed wrong scan: weights_X_192_xwqg-B00027_2020-04-30.npy
removed wrong scan: weights_X_62_xwqg-B00034_2020-04-03.npy
removed wrong scan: weights_X_235_xwqg-A00121_2019-05-15.npy
removed wrong scan: weights_X_87_xwqg-B00027_2020-04-30.npy
removed wrong scan: weights_X_106_xwqg-B00034_2020-04-03.npy
removed wrong scan: weights_X_21_xwqg-A00121_2019-05-15.npy
removed wrong scan: weights_X_180_xwqg-B00027_2020-04-30.npy
removed wrong scan: weights_X_5_xwqg-A00085_2019-09-16.npy
removed wrong scan: weights_X_153_xwqg-A00121_2019-05-15.npy
removed wrong scan: weights_X_51_xwqg-B00027_2020-04-30.npy
removed wrong scan: weights_X_181_xwqg-A00121_2019-05-15.npy
removed wrong scan: weights_X_61_xwqg-B00027_2020-04-30.npy
removed wrong scan: weights_X_171_xwqg-A00121_2019-05-15.npy
removed wrong scan: weights_X_161_xwqg-B00034_2020-04-03.npy
removed wrong scan: weights_X_39_xwqg-A00121_2019-05-15.npy
removed wrong scan: weights_X_1_xwqg-A00121_2019-05-15.npy
removed wrong scan: weights_X_238_xwqg-A00121_2019-05-15.npy
removed wrong scan: weights_X_123_xwqg-B00034_2020-04-03.npy
removed wrong scan: weights_X_85_xwqg-B00027_2020-04-30.npy
removed wrong scan: weights_X_105_xwqg-A00121_2019-05-15.npy
removed wrong scan: weights_X_190_xwqg-A00121_2019-05-15.npy
removed wrong scan: weights_X_12_xwqg-A00085_2019-09-16.npy
removed wrong scan: weights_X_4_xwqg-A00121_2019-05-15.npy
removed wrong scan: weights_X_5_xwqg-B00034_2020-04-03.npy
removed wrong scan: weights_X_43_xwqg-A00121_2019-05-15.npy
removed wrong scan: weights_X_196_xwqg-A00121_2019-05-15.npy
removed wrong scan: weights_X_2_xwqg-B00034_2020-04-03.npy
removed wrong scan: weights_X_3_xwqg-A00121_2019-05-15.npy
removed wrong scan: weights_X_4_xwqg-B00027_2020-04-30.npy
removed wrong scan: weights_X_43_xwqg-A00085_2019-09-16.npy
removed wrong scan: weights_X_69_xwqg-A00085_2019-09-16.npy
removed wrong scan: weights_X_232_xwqg-A00121_2019-05-15.npy
removed wrong scan: weights_X_5_xwqg-A00121_2019-05-15.npy
removed wrong scan: weights_X_195_xwqg-A00121_2019-05-15.npy
removed wrong scan: weights_X_16_xwqg-A00085_2019-09-16.npy
removed wrong scan: weights_X_102_xwqg-B00034_2020-04-03.npy
removed wrong scan: weights_X_101_xwqg-A00121_2019-05-15.npy
removed wrong scan: weights_X_204_xwqg-A00121_2019-05-15.npy
removed wrong scan: weights_X_7_xwqg-A00121_2019-05-15.npy
removed wrong scan: weights_X_57_xwqg-A00121_2019-05-15.npy
removed wrong scan: weights_X_171_xwqg-B00034_2020-04-03.npy
removed wrong scan: weights_X_23_xwqg-B00034_2020-04-03.npy
removed wrong scan: weights_X_183_xwqg-B00034_2020-04-03.npy
removed wrong scan: weights_X_182_xwqg-B00027_2020-04-30.npy
removed wrong scan: weights_X_205_xwqg-B00034_2020-04-03.npy
removed wrong scan: weights_X_97_xwqg-A00121_2019-05-15.npy
removed wrong scan: weights_X_107_xwqg-A00121_2019-05-15.npy
removed wrong scan: weights_X_103_xwqg-B00034_2020-04-03.npy
removed wrong scan: weights_X_65_xwqg-B00034_2020-04-03.npy
removed wrong scan: weights_X_231_xwqg-A00121_2019-05-15.npy
removed wrong scan: weights_X_48_xwqg-B00034_2020-04-03.npy
removed wrong scan: weights_X_160_xwqg-A00121_2019-05-15.npy
removed wrong scan: weights_X_133_xwqg-A00121_2019-05-15.npy
removed wrong scan: weights_X_108_xwqg-A00121_2019-05-15.npy
removed wrong scan: weights_X_58_xwqg-A00121_2019-05-15.npy
removed wrong scan: weights_X_71_xwqg-A00085_2019-09-16.npy
removed wrong scan: weights_X_143_xwqg-B00034_2020-04-03.npy
removed wrong scan: weights_X_177_xwqg-B00027_2020-04-30.npy
removed wrong scan: weights_X_2_xwqg-B00027_2020-04-30.npy
removed wrong scan: weights_X_34_xwqg-B00027_2020-04-30.npy
removed wrong scan: weights_X_77_xwqg-B00027_2020-04-30.npy
removed wrong scan: weights_X_28_xwqg-B00027_2020-04-30.npy
removed wrong scan: weights_X_221_xwqg-A00121_2019-05-15.npy
removed wrong scan: weights_X_51_xwqg-A00085_2019-09-16.npy
removed wrong scan: weights_X_169_xwqg-B00034_2020-04-03.npy
removed wrong scan: weights_X_89_xwqg-A00121_2019-05-15.npy
removed wrong scan: weights_X_116_xwqg-B00027_2020-04-30.npy
removed wrong scan: weights_X_56_xwqg-B00034_2020-04-03.npy
removed wrong scan: weights_X_103_xwqg-A00121_2019-05-15.npy
removed wrong scan: weights_X_92_xwqg-A00121_2019-05-15.npy
removed wrong scan: weights_X_67_xwqg-A00121_2019-05-15.npy
removed wrong scan: weights_X_125_xwqg-B00027_2020-04-30.npy
removed wrong scan: weights_X_91_xwqg-B00034_2020-04-03.npy
removed wrong scan: weights_X_211_xwqg-A00121_2019-05-15.npy
removed wrong scan: weights_X_72_xwqg-A00121_2019-05-15.npy
removed wrong scan: weights_X_119_xwqg-B00034_2020-04-03.npy
removed wrong scan: weights_X_60_xwqg-A00121_2019-05-15.npy
removed wrong scan: weights_X_70_xwqg-B00034_2020-04-03.npy
removed wrong scan: weights_X_186_xwqg-B00034_2020-04-03.npy
removed wrong scan: weights_X_67_xwqg-B00034_2020-04-03.npy
removed wrong scan: weights_X_60_xwqg-B00027_2020-04-30.npy
removed wrong scan: weights_X_85_xwqg-A00121_2019-05-15.npy
removed wrong scan: weights_X_19_xwqg-B00034_2020-04-03.npy
removed wrong scan: weights_X_25_xwqg-A00121_2019-05-15.npy
removed wrong scan: weights_X_27_xwqg-B00027_2020-04-30.npy
removed wrong scan: weights_X_37_xwqg-B00027_2020-04-30.npy
removed wrong scan: weights_X_87_xwqg-B00034_2020-04-03.npy
removed wrong scan: weights_X_99_xwqg-A00121_2019-05-15.npy
removed wrong scan: weights_X_48_xwqg-A00121_2019-05-15.npy
removed wrong scan: weights_X_174_xwqg-A00121_2019-05-15.npy
removed wrong scan: weights_X_121_xwqg-A00121_2019-05-15.npy
removed wrong scan: weights_X_13_xwqg-B00034_2020-04-03.npy
removed wrong scan: weights_X_153_xwqg-B00034_2020-04-03.npy
removed wrong scan: weights_X_149_xwqg-A00121_2019-05-15.npy
removed wrong scan: weights_X_105_xwqg-B00034_2020-04-03.npy
removed wrong scan: weights_X_88_xwqg-B00034_2020-04-03.npy
removed wrong scan: weights_X_109_xwqg-B00034_2020-04-03.npy
removed wrong scan: weights_X_91_xwqg-B00027_2020-04-30.npy
removed wrong scan: weights_X_44_xwqg-B00034_2020-04-03.npy
removed wrong scan: weights_X_89_xwqg-A00085_2019-09-16.npy
removed wrong scan: weights_X_15_xwqg-A00121_2019-05-15.npy
removed wrong scan: weights_X_234_xwqg-A00121_2019-05-15.npy
removed wrong scan: weights_X_33_xwqg-A00085_2019-09-16.npy
removed wrong scan: weights_X_152_xwqg-B00034_2020-04-03.npy
removed wrong scan: weights_X_227_xwqg-A00121_2019-05-15.npy
removed wrong scan: weights_X_148_xwqg-A00121_2019-05-15.npy
removed wrong scan: weights_X_17_xwqg-B00034_2020-04-03.npy
removed wrong scan: weights_X_17_xwqg-A00085_2019-09-16.npy
removed wrong scan: weights_X_209_xwqg-B00034_2020-04-03.npy
removed wrong scan: weights_X_93_xwqg-A00085_2019-09-16.npy
removed wrong scan: weights_X_206_xwqg-A00121_2019-05-15.npy
removed wrong scan: weights_X_93_xwqg-B00027_2020-04-30.npy
removed wrong scan: weights_X_126_xwqg-A00085_2019-09-16.npy
removed wrong scan: weights_X_52_xwqg-A00121_2019-05-15.npy
removed wrong scan: weights_X_33_xwqg-B00027_2020-04-30.npy
removed wrong scan: weights_X_10_xwqg-A00085_2019-09-16.npy
removed wrong scan: weights_X_110_xwqg-A00085_2019-09-16.npy
removed wrong scan: weights_X_80_xwqg-A00085_2019-09-16.npy
removed wrong scan: weights_X_63_xwqg-A00121_2019-05-15.npy
removed wrong scan: weights_X_86_xwqg-B00034_2020-04-03.npy
removed wrong scan: weights_X_79_xwqg-B00027_2020-04-30.npy
removed wrong scan: weights_X_86_xwqg-A00121_2019-05-15.npy
removed wrong scan: weights_X_74_xwqg-B00034_2020-04-03.npy
removed wrong scan: weights_X_12_xwqg-B00027_2020-04-30.npy
removed wrong scan: weights_X_160_xwqg-B00027_2020-04-30.npy
removed wrong scan: weights_X_79_xwqg-A00121_2019-05-15.npy
removed wrong scan: weights_X_224_xwqg-A00121_2019-05-15.npy
removed wrong scan: weights_X_159_xwqg-B00027_2020-04-30.npy
removed wrong scan: weights_X_166_xwqg-B00034_2020-04-03.npy
removed wrong scan: weights_X_198_xwqg-A00121_2019-05-15.npy
removed wrong scan: weights_X_100_xwqg-B00027_2020-04-30.npy
removed wrong scan: weights_X_194_xwqg-A00121_2019-05-15.npy
removed wrong scan: weights_X_39_xwqg-B00027_2020-04-30.npy
removed wrong scan: weights_X_164_xwqg-A00121_2019-05-15.npy
removed wrong scan: weights_X_98_xwqg-B00034_2020-04-03.npy
removed wrong scan: weights_X_59_xwqg-A00085_2019-09-16.npy
removed wrong scan: weights_X_212_xwqg-B00034_2020-04-03.npy
removed wrong scan: weights_X_32_xwqg-A00121_2019-05-15.npy
removed wrong scan: weights_X_191_xwqg-B00027_2020-04-30.npy
removed wrong scan: weights_X_28_xwqg-B00034_2020-04-03.npy
removed wrong scan: weights_X_26_xwqg-B00027_2020-04-30.npy
removed wrong scan: weights_X_93_xwqg-A00121_2019-05-15.npy
removed wrong scan: weights_X_102_xwqg-A00085_2019-09-16.npy
removed wrong scan: weights_X_32_xwqg-B00034_2020-04-03.npy
removed wrong scan: weights_X_15_xwqg-B00034_2020-04-03.npy
removed wrong scan: weights_X_158_xwqg-B00027_2020-04-30.npy
removed wrong scan: weights_X_86_xwqg-A00085_2019-09-16.npy
removed wrong scan: weights_X_31_xwqg-A00085_2019-09-16.npy
removed wrong scan: weights_X_208_xwqg-A00121_2019-05-15.npy
removed wrong scan: weights_X_29_xwqg-A00121_2019-05-15.npy
removed wrong scan: weights_X_27_xwqg-A00121_2019-05-15.npy
removed wrong scan: weights_X_131_xwqg-B00027_2020-04-30.npy
removed wrong scan: weights_X_187_xwqg-B00027_2020-04-30.npy
removed wrong scan: weights_X_35_xwqg-A00121_2019-05-15.npy
removed wrong scan: weights_X_187_xwqg-A00121_2019-05-15.npy
removed wrong scan: weights_X_92_xwqg-B00027_2020-04-30.npy
removed wrong scan: weights_X_4_xwqg-B00034_2020-04-03.npy
removed wrong scan: weights_X_36_xwqg-A00085_2019-09-16.npy
removed wrong scan: weights_X_7_xwqg-B00027_2020-04-30.npy
removed wrong scan: weights_X_236_xwqg-A00121_2019-05-15.npy
removed wrong scan: weights_X_189_xwqg-B00034_2020-04-03.npy
removed wrong scan: weights_X_74_xwqg-B00027_2020-04-30.npy
removed wrong scan: weights_X_123_xwqg-A00085_2019-09-16.npy
removed wrong scan: weights_X_64_xwqg-B00034_2020-04-03.npy
removed wrong scan: weights_X_52_xwqg-B00034_2020-04-03.npy
removed wrong scan: weights_X_175_xwqg-B00027_2020-04-30.npy
removed wrong scan: weights_X_144_xwqg-B00034_2020-04-03.npy
removed wrong scan: weights_X_170_xwqg-A00121_2019-05-15.npy
removed wrong scan: weights_X_127_xwqg-B00027_2020-04-30.npy
removed wrong scan: weights_X_184_xwqg-B00027_2020-04-30.npy
removed wrong scan: weights_X_88_xwqg-B00027_2020-04-30.npy
removed wrong scan: weights_X_195_xwqg-B00027_2020-04-30.npy
removed wrong scan: weights_X_203_xwqg-B00034_2020-04-03.npy
removed wrong scan: weights_X_49_xwqg-B00034_2020-04-03.npy
removed wrong scan: weights_X_53_xwqg-A00121_2019-05-15.npy
removed wrong scan: weights_X_152_xwqg-B00027_2020-04-30.npy
removed wrong scan: weights_X_77_xwqg-A00085_2019-09-16.npy
removed wrong scan: weights_X_142_xwqg-A00121_2019-05-15.npy
removed wrong scan: weights_X_190_xwqg-B00034_2020-04-03.npy
removed wrong scan: weights_X_178_xwqg-A00121_2019-05-15.npy
removed wrong scan: weights_X_124_xwqg-B00027_2020-04-30.npy
removed wrong scan: weights_X_128_xwqg-B00027_2020-04-30.npy
removed wrong scan: weights_X_131_xwqg-B00034_2020-04-03.npy
removed wrong scan: weights_X_158_xwqg-B00034_2020-04-03.npy
removed wrong scan: weights_X_151_xwqg-A00121_2019-05-15.npy
removed wrong scan: weights_X_175_xwqg-A00121_2019-05-15.npy
removed wrong scan: weights_X_215_xwqg-A00121_2019-05-15.npy
removed wrong scan: weights_X_4_xwqg-A00085_2019-09-16.npy
removed wrong scan: weights_X_59_xwqg-B00027_2020-04-30.npy
removed wrong scan: weights_X_29_xwqg-A00085_2019-09-16.npy
removed wrong scan: weights_X_22_xwqg-A00085_2019-09-16.npy
removed wrong scan: weights_X_84_xwqg-A00121_2019-05-15.npy
removed wrong scan: weights_X_220_xwqg-A00121_2019-05-15.npy
removed wrong scan: weights_X_117_xwqg-A00085_2019-09-16.npy
removed wrong scan: weights_X_104_xwqg-A00121_2019-05-15.npy
removed wrong scan: weights_X_136_xwqg-A00085_2019-09-16.npy
removed wrong scan: weights_X_142_xwqg-B00034_2020-04-03.npy
removed wrong scan: weights_X_147_xwqg-B00034_2020-04-03.npy
removed wrong scan: weights_X_44_xwqg-A00085_2019-09-16.npy
removed wrong scan: weights_X_73_xwqg-A00121_2019-05-15.npy
removed wrong scan: weights_X_54_xwqg-A00121_2019-05-15.npy
removed wrong scan: weights_X_138_xwqg-B00027_2020-04-30.npy
removed wrong scan: weights_X_62_xwqg-A00121_2019-05-15.npy
removed wrong scan: weights_X_101_xwqg-B00034_2020-04-03.npy
removed wrong scan: weights_X_33_xwqg-A00121_2019-05-15.npy
removed wrong scan: weights_X_71_xwqg-B00034_2020-04-03.npy
removed wrong scan: weights_X_131_xwqg-A00121_2019-05-15.npy
removed wrong scan: weights_X_237_xwqg-A00121_2019-05-15.npy
removed wrong scan: weights_X_119_xwqg-A00121_2019-05-15.npy
removed wrong scan: weights_X_68_xwqg-B00034_2020-04-03.npy
removed wrong scan: weights_X_12_xwqg-B00034_2020-04-03.npy
removed wrong scan: weights_X_161_xwqg-B00027_2020-04-30.npy
removed wrong scan: weights_X_200_xwqg-B00027_2020-04-30.npy
removed wrong scan: weights_X_57_xwqg-B00034_2020-04-03.npy
removed wrong scan: weights_X_1_xwqg-B00034_2020-04-03.npy
removed wrong scan: weights_X_111_xwqg-B00034_2020-04-03.npy
removed wrong scan: weights_X_89_xwqg-B00027_2020-04-30.npy
removed wrong scan: weights_X_49_xwqg-A00085_2019-09-16.npy
removed wrong scan: weights_X_1_xwqg-B00027_2020-04-30.npy
removed wrong scan: weights_X_124_xwqg-A00121_2019-05-15.npy
removed wrong scan: weights_X_128_xwqg-A00085_2019-09-16.npy
removed wrong scan: weights_X_99_xwqg-B00027_2020-04-30.npy
removed wrong scan: weights_X_29_xwqg-B00027_2020-04-30.npy
removed wrong scan: weights_X_201_xwqg-A00121_2019-05-15.npy
removed wrong scan: weights_X_29_xwqg-B00034_2020-04-03.npy
removed wrong scan: weights_X_110_xwqg-A00121_2019-05-15.npy
removed wrong scan: weights_X_230_xwqg-A00121_2019-05-15.npy
removed wrong scan: weights_X_95_xwqg-B00034_2020-04-03.npy
removed wrong scan: weights_X_146_xwqg-B00027_2020-04-30.npy
removed wrong scan: weights_X_3_xwqg-B00027_2020-04-30.npy
removed wrong scan: weights_X_180_xwqg-A00121_2019-05-15.npy
removed wrong scan: weights_X_46_xwqg-B00027_2020-04-30.npy
removed wrong scan: weights_X_103_xwqg-B00027_2020-04-30.npy
removed wrong scan: weights_X_62_xwqg-A00085_2019-09-16.npy
removed wrong scan: weights_X_112_xwqg-B00027_2020-04-30.npy
removed wrong scan: weights_X_185_xwqg-B00034_2020-04-03.npy
removed wrong scan: weights_X_120_xwqg-B00027_2020-04-30.npy
removed wrong scan: weights_X_189_xwqg-B00027_2020-04-30.npy
removed wrong scan: weights_X_126_xwqg-B00034_2020-04-03.npy
removed wrong scan: weights_X_113_xwqg-B00034_2020-04-03.npy
removed wrong scan: weights_X_34_xwqg-B00034_2020-04-03.npy
removed wrong scan: weights_X_127_xwqg-A00085_2019-09-16.npy
removed wrong scan: weights_X_25_xwqg-A00085_2019-09-16.npy
removed wrong scan: weights_X_156_xwqg-A00121_2019-05-15.npy
removed wrong scan: weights_X_72_xwqg-A00085_2019-09-16.npy
removed wrong scan: weights_X_129_xwqg-A00121_2019-05-15.npy
removed wrong scan: weights_X_145_xwqg-B00027_2020-04-30.npy
removed wrong scan: weights_X_21_xwqg-A00085_2019-09-16.npy
removed wrong scan: weights_X_133_xwqg-B00034_2020-04-03.npy
removed wrong scan: weights_X_176_xwqg-B00027_2020-04-30.npy
removed wrong scan: weights_X_90_xwqg-B00027_2020-04-30.npy
removed wrong scan: weights_X_182_xwqg-B00034_2020-04-03.npy
removed wrong scan: weights_X_151_xwqg-B00027_2020-04-30.npy
removed wrong scan: weights_X_44_xwqg-A00121_2019-05-15.npy
removed wrong scan: weights_X_94_xwqg-B00027_2020-04-30.npy
removed wrong scan: weights_X_167_xwqg-A00121_2019-05-15.npy
removed wrong scan: weights_X_214_xwqg-A00121_2019-05-15.npy
removed wrong scan: weights_X_136_xwqg-B00034_2020-04-03.npy
removed wrong scan: weights_X_61_xwqg-B00034_2020-04-03.npy
removed wrong scan: weights_X_14_xwqg-A00085_2019-09-16.npy
removed wrong scan: weights_X_84_xwqg-A00085_2019-09-16.npy
removed wrong scan: weights_X_184_xwqg-A00121_2019-05-15.npy
removed wrong scan: weights_X_22_xwqg-B00034_2020-04-03.npy
removed wrong scan: weights_X_186_xwqg-B00027_2020-04-30.npy
removed wrong scan: weights_X_94_xwqg-A00085_2019-09-16.npy
removed wrong scan: weights_X_116_xwqg-A00085_2019-09-16.npy
removed wrong scan: weights_X_23_xwqg-A00121_2019-05-15.npy
removed wrong scan: weights_X_96_xwqg-B00034_2020-04-03.npy
removed wrong scan: weights_X_21_xwqg-B00034_2020-04-03.npy
removed wrong scan: weights_X_217_xwqg-A00121_2019-05-15.npy
removed wrong scan: weights_X_136_xwqg-A00121_2019-05-15.npy
removed wrong scan: weights_X_130_xwqg-B00034_2020-04-03.npy
removed wrong scan: weights_X_49_xwqg-B00027_2020-04-30.npy
removed wrong scan: weights_X_211_xwqg-B00034_2020-04-03.npy
removed wrong scan: weights_X_67_xwqg-A00085_2019-09-16.npy
removed wrong scan: weights_X_107_xwqg-B00034_2020-04-03.npy
removed wrong scan: weights_X_69_xwqg-A00121_2019-05-15.npy
removed wrong scan: weights_X_134_xwqg-B00027_2020-04-30.npy
removed wrong scan: weights_X_31_xwqg-B00027_2020-04-30.npy
removed wrong scan: weights_X_64_xwqg-A00121_2019-05-15.npy
removed wrong scan: weights_X_79_xwqg-B00034_2020-04-03.npy
removed wrong scan: weights_X_139_xwqg-A00121_2019-05-15.npy
removed wrong scan: weights_X_22_xwqg-B00027_2020-04-30.npy
removed wrong scan: weights_X_193_xwqg-A00121_2019-05-15.npy
removed wrong scan: weights_X_20_xwqg-B00027_2020-04-30.npy
removed wrong scan: weights_X_65_xwqg-A00085_2019-09-16.npy
removed wrong scan: weights_X_71_xwqg-B00027_2020-04-30.npy
removed wrong scan: weights_X_101_xwqg-A00085_2019-09-16.npy
removed wrong scan: weights_X_96_xwqg-B00027_2020-04-30.npy
removed wrong scan: weights_X_18_xwqg-B00027_2020-04-30.npy
removed wrong scan: weights_X_60_xwqg-B00034_2020-04-03.npy
removed wrong scan: weights_X_109_xwqg-A00121_2019-05-15.npy
removed wrong scan: weights_X_130_xwqg-B00027_2020-04-30.npy
removed wrong scan: weights_X_169_xwqg-A00121_2019-05-15.npy
removed wrong scan: weights_X_150_xwqg-B00027_2020-04-30.npy
removed wrong scan: weights_X_130_xwqg-A00121_2019-05-15.npy
removed wrong scan: weights_X_100_xwqg-A00085_2019-09-16.npy
removed wrong scan: weights_X_119_xwqg-A00085_2019-09-16.npy
removed wrong scan: weights_X_179_xwqg-B00034_2020-04-03.npy
removed wrong scan: weights_X_72_xwqg-B00027_2020-04-30.npy
removed wrong scan: weights_X_82_xwqg-A00085_2019-09-16.npy
removed wrong scan: weights_X_53_xwqg-B00027_2020-04-30.npy
removed wrong scan: weights_X_59_xwqg-A00121_2019-05-15.npy
removed wrong scan: weights_X_178_xwqg-B00027_2020-04-30.npy
removed wrong scan: weights_X_6_xwqg-B00034_2020-04-03.npy
removed wrong scan: weights_X_51_xwqg-B00034_2020-04-03.npy
removed wrong scan: weights_X_158_xwqg-A00121_2019-05-15.npy
removed wrong scan: weights_X_97_xwqg-B00027_2020-04-30.npy
removed wrong scan: weights_X_201_xwqg-B00034_2020-04-03.npy
removed wrong scan: weights_X_153_xwqg-B00027_2020-04-30.npy
removed wrong scan: weights_X_94_xwqg-B00034_2020-04-03.npy
removed wrong scan: weights_X_141_xwqg-B00034_2020-04-03.npy
removed wrong scan: weights_X_113_xwqg-B00027_2020-04-30.npy
removed wrong scan: weights_X_42_xwqg-A00121_2019-05-15.npy
removed wrong scan: weights_X_106_xwqg-B00027_2020-04-30.npy
removed wrong scan: weights_X_191_xwqg-A00121_2019-05-15.npy
removed wrong scan: weights_X_170_xwqg-B00027_2020-04-30.npy
removed wrong scan: weights_X_147_xwqg-B00027_2020-04-30.npy
removed wrong scan: weights_X_16_xwqg-B00034_2020-04-03.npy
removed wrong scan: weights_X_115_xwqg-A00121_2019-05-15.npy
removed wrong scan: weights_X_118_xwqg-B00027_2020-04-30.npy
removed wrong scan: weights_X_91_xwqg-A00121_2019-05-15.npy
removed wrong scan: weights_X_155_xwqg-B00027_2020-04-30.npy
removed wrong scan: weights_X_114_xwqg-B00027_2020-04-30.npy
removed wrong scan: weights_X_18_xwqg-A00121_2019-05-15.npy
removed wrong scan: weights_X_192_xwqg-A00121_2019-05-15.npy
removed wrong scan: weights_X_66_xwqg-A00085_2019-09-16.npy
removed wrong scan: weights_X_99_xwqg-A00085_2019-09-16.npy
removed wrong scan: weights_X_163_xwqg-A00121_2019-05-15.npy
removed wrong scan: weights_X_233_xwqg-A00121_2019-05-15.npy
removed wrong scan: weights_X_36_xwqg-B00034_2020-04-03.npy
removed wrong scan: weights_X_126_xwqg-B00027_2020-04-30.npy
removed wrong scan: weights_X_9_xwqg-B00034_2020-04-03.npy
removed wrong scan: weights_X_87_xwqg-A00121_2019-05-15.npy
removed wrong scan: weights_X_16_xwqg-A00121_2019-05-15.npy
removed wrong scan: weights_X_38_xwqg-B00034_2020-04-03.npy
removed wrong scan: weights_X_45_xwqg-B00027_2020-04-30.npy
removed wrong scan: weights_X_41_xwqg-A00085_2019-09-16.npy
removed wrong scan: weights_X_186_xwqg-A00121_2019-05-15.npy
removed wrong scan: weights_X_70_xwqg-B00027_2020-04-30.npy
removed wrong scan: weights_X_47_xwqg-A00085_2019-09-16.npy
removed wrong scan: weights_X_137_xwqg-A00121_2019-05-15.npy
removed wrong scan: weights_X_124_xwqg-B00034_2020-04-03.npy
removed wrong scan: weights_X_77_xwqg-B00034_2020-04-03.npy
removed wrong scan: weights_X_110_xwqg-B00027_2020-04-30.npy
removed wrong scan: weights_X_174_xwqg-B00027_2020-04-30.npy
removed wrong scan: weights_X_124_xwqg-A00085_2019-09-16.npy
removed wrong scan: weights_X_129_xwqg-A00085_2019-09-16.npy
removed wrong scan: weights_X_108_xwqg-B00034_2020-04-03.npy
removed wrong scan: weights_X_91_xwqg-A00085_2019-09-16.npy
removed wrong scan: weights_X_41_xwqg-B00027_2020-04-30.npy
removed wrong scan: weights_X_151_xwqg-B00034_2020-04-03.npy
removed wrong scan: weights_X_10_xwqg-A00121_2019-05-15.npy
removed wrong scan: weights_X_193_xwqg-B00027_2020-04-30.npy
removed wrong scan: weights_X_157_xwqg-B00027_2020-04-30.npy
removed wrong scan: weights_X_6_xwqg-B00027_2020-04-30.npy
removed wrong scan: weights_X_40_xwqg-B00034_2020-04-03.npy
removed wrong scan: weights_X_138_xwqg-A00121_2019-05-15.npy
removed wrong scan: weights_X_121_xwqg-A00085_2019-09-16.npy
removed wrong scan: weights_X_159_xwqg-B00034_2020-04-03.npy
removed wrong scan: weights_X_147_xwqg-A00121_2019-05-15.npy
removed wrong scan: weights_X_114_xwqg-B00034_2020-04-03.npy
removed wrong scan: weights_X_77_xwqg-A00121_2019-05-15.npy
removed wrong scan: weights_X_54_xwqg-B00027_2020-04-30.npy
removed wrong scan: weights_X_125_xwqg-A00121_2019-05-15.npy
removed wrong scan: weights_X_9_xwqg-A00121_2019-05-15.npy
removed wrong scan: weights_X_154_xwqg-B00034_2020-04-03.npy
removed wrong scan: weights_X_56_xwqg-A00121_2019-05-15.npy
removed wrong scan: weights_X_37_xwqg-B00034_2020-04-03.npy
removed wrong scan: weights_X_58_xwqg-B00027_2020-04-30.npy
removed wrong scan: weights_X_78_xwqg-A00121_2019-05-15.npy
removed wrong scan: weights_X_127_xwqg-B00034_2020-04-03.npy
removed wrong scan: weights_X_148_xwqg-B00027_2020-04-30.npy
removed wrong scan: weights_X_69_xwqg-B00034_2020-04-03.npy
removed wrong scan: weights_X_43_xwqg-B00034_2020-04-03.npy
removed wrong scan: weights_X_13_xwqg-A00121_2019-05-15.npy
removed wrong scan: weights_X_140_xwqg-A00121_2019-05-15.npy
removed wrong scan: weights_X_25_xwqg-B00034_2020-04-03.npy
removed wrong scan: weights_X_13_xwqg-B00027_2020-04-30.npy
removed wrong scan: weights_X_46_xwqg-B00034_2020-04-03.npy
removed wrong scan: weights_X_43_xwqg-B00027_2020-04-30.npy
removed wrong scan: weights_X_197_xwqg-B00034_2020-04-03.npy
removed wrong scan: weights_X_81_xwqg-A00121_2019-05-15.npy
removed wrong scan: weights_X_171_xwqg-B00027_2020-04-30.npy
removed wrong scan: weights_X_106_xwqg-A00121_2019-05-15.npy
removed wrong scan: weights_X_38_xwqg-A00085_2019-09-16.npy
removed wrong scan: weights_X_162_xwqg-B00034_2020-04-03.npy
removed wrong scan: weights_X_138_xwqg-A00085_2019-09-16.npy
removed wrong scan: weights_X_206_xwqg-B00034_2020-04-03.npy
removed wrong scan: weights_X_115_xwqg-A00085_2019-09-16.npy
removed wrong scan: weights_X_188_xwqg-A00121_2019-05-15.npy
removed wrong scan: weights_X_199_xwqg-B00027_2020-04-30.npy
removed wrong scan: weights_X_126_xwqg-A00121_2019-05-15.npy
removed wrong scan: weights_X_109_xwqg-A00085_2019-09-16.npy
removed wrong scan: weights_X_37_xwqg-A00121_2019-05-15.npy
removed wrong scan: weights_X_58_xwqg-B00034_2020-04-03.npy
removed wrong scan: weights_X_132_xwqg-A00121_2019-05-15.npy
removed wrong scan: weights_X_95_xwqg-B00027_2020-04-30.npy
removed wrong scan: weights_X_96_xwqg-A00121_2019-05-15.npy
removed wrong scan: weights_X_20_xwqg-B00034_2020-04-03.npy
removed wrong scan: weights_X_39_xwqg-A00085_2019-09-16.npy
removed wrong scan: weights_X_168_xwqg-B00027_2020-04-30.npy
removed wrong scan: weights_X_104_xwqg-B00027_2020-04-30.npy
removed wrong scan: weights_X_177_xwqg-B00034_2020-04-03.npy
removed wrong scan: weights_X_55_xwqg-A00085_2019-09-16.npy
removed wrong scan: weights_X_122_xwqg-A00121_2019-05-15.npy
removed wrong scan: weights_X_168_xwqg-A00121_2019-05-15.npy
removed wrong scan: weights_X_112_xwqg-A00121_2019-05-15.npy
removed wrong scan: weights_X_27_xwqg-A00085_2019-09-16.npy
removed wrong scan: weights_X_32_xwqg-B00027_2020-04-30.npy
removed wrong scan: weights_X_167_xwqg-B00027_2020-04-30.npy
removed wrong scan: weights_X_68_xwqg-A00121_2019-05-15.npy
removed wrong scan: weights_X_162_xwqg-A00121_2019-05-15.npy
removed wrong scan: weights_X_135_xwqg-A00121_2019-05-15.npy
removed wrong scan: weights_X_132_xwqg-A00085_2019-09-16.npy
removed wrong scan: weights_X_75_xwqg-A00085_2019-09-16.npy
removed wrong scan: weights_X_35_xwqg-B00034_2020-04-03.npy
removed wrong scan: weights_X_83_xwqg-B00027_2020-04-30.npy
removed wrong scan: weights_X_117_xwqg-B00027_2020-04-30.npy
removed wrong scan: weights_X_65_xwqg-B00027_2020-04-30.npy
removed wrong scan: weights_X_57_xwqg-B00027_2020-04-30.npy
removed wrong scan: weights_X_191_xwqg-B00034_2020-04-03.npy
removed wrong scan: weights_X_163_xwqg-B00027_2020-04-30.npy
removed wrong scan: weights_X_40_xwqg-A00121_2019-05-15.npy
removed wrong scan: weights_X_18_xwqg-A00085_2019-09-16.npy
removed wrong scan: weights_X_107_xwqg-A00085_2019-09-16.npy
removed wrong scan: weights_X_36_xwqg-A00121_2019-05-15.npy
removed wrong scan: weights_X_61_xwqg-A00121_2019-05-15.npy
removed wrong scan: weights_X_122_xwqg-B00027_2020-04-30.npy
removed wrong scan: weights_X_44_xwqg-B00027_2020-04-30.npy
removed wrong scan: weights_X_139_xwqg-B00034_2020-04-03.npy
removed wrong scan: weights_X_152_xwqg-A00121_2019-05-15.npy
removed wrong scan: weights_X_115_xwqg-B00034_2020-04-03.npy
removed wrong scan: weights_X_45_xwqg-A00121_2019-05-15.npy
removed wrong scan: weights_X_26_xwqg-A00085_2019-09-16.npy
removed wrong scan: weights_X_218_xwqg-A00121_2019-05-15.npy
removed wrong scan: weights_X_169_xwqg-B00027_2020-04-30.npy
removed wrong scan: weights_X_129_xwqg-B00034_2020-04-03.npy
removed wrong scan: weights_X_125_xwqg-B00034_2020-04-03.npy
removed wrong scan: weights_X_38_xwqg-A00121_2019-05-15.npy
removed wrong scan: weights_X_1_xwqg-A00085_2019-09-16.npy
removed wrong scan: weights_X_102_xwqg-B00027_2020-04-30.npy
removed wrong scan: weights_X_112_xwqg-A00085_2019-09-16.npy
removed wrong scan: weights_X_229_xwqg-A00121_2019-05-15.npy
removed wrong scan: weights_X_219_xwqg-A00121_2019-05-15.npy
removed wrong scan: weights_X_154_xwqg-A00121_2019-05-15.npy
removed wrong scan: weights_X_181_xwqg-B00034_2020-04-03.npy
removed wrong scan: weights_X_53_xwqg-A00085_2019-09-16.npy
removed wrong scan: weights_X_11_xwqg-B00027_2020-04-30.npy
removed wrong scan: weights_X_48_xwqg-B00027_2020-04-30.npy
removed wrong scan: weights_X_2_xwqg-A00121_2019-05-15.npy
removed wrong scan: weights_X_7_xwqg-A00085_2019-09-16.npy
removed wrong scan: weights_X_118_xwqg-A00121_2019-05-15.npy
removed wrong scan: weights_X_117_xwqg-A00121_2019-05-15.npy
removed wrong scan: weights_X_122_xwqg-A00085_2019-09-16.npy
removed wrong scan: weights_X_74_xwqg-A00121_2019-05-15.npy
removed wrong scan: weights_X_207_xwqg-A00121_2019-05-15.npy
removed wrong scan: weights_X_90_xwqg-B00034_2020-04-03.npy
removed wrong scan: weights_X_175_xwqg-B00034_2020-04-03.npy
removed wrong scan: weights_X_10_xwqg-B00034_2020-04-03.npy
removed wrong scan: weights_X_196_xwqg-B00027_2020-04-30.npy
removed wrong scan: weights_X_24_xwqg-A00085_2019-09-16.npy
removed wrong scan: weights_X_63_xwqg-B00034_2020-04-03.npy
removed wrong scan: weights_X_19_xwqg-A00121_2019-05-15.npy
removed wrong scan: weights_X_200_xwqg-A00121_2019-05-15.npy
removed wrong scan: weights_X_34_xwqg-A00121_2019-05-15.npy
removed wrong scan: weights_X_34_xwqg-A00085_2019-09-16.npy
removed wrong scan: weights_X_80_xwqg-B00027_2020-04-30.npy
removed wrong scan: weights_X_168_xwqg-B00034_2020-04-03.npy
removed wrong scan: weights_X_156_xwqg-B00034_2020-04-03.npy
removed wrong scan: weights_X_46_xwqg-A00085_2019-09-16.npy
removed wrong scan: weights_X_128_xwqg-A00121_2019-05-15.npy
removed wrong scan: weights_X_172_xwqg-B00034_2020-04-03.npy
removed wrong scan: weights_X_104_xwqg-B00034_2020-04-03.npy
removed wrong scan: weights_X_41_xwqg-A00121_2019-05-15.npy
removed wrong scan: weights_X_123_xwqg-B00027_2020-04-30.npy
removed wrong scan: weights_X_89_xwqg-B00034_2020-04-03.npy
removed wrong scan: weights_X_197_xwqg-B00027_2020-04-30.npy
removed wrong scan: weights_X_42_xwqg-A00085_2019-09-16.npy
removed wrong scan: weights_X_179_xwqg-B00027_2020-04-30.npy
removed wrong scan: weights_X_75_xwqg-B00034_2020-04-03.npy
removed wrong scan: weights_X_148_xwqg-B00034_2020-04-03.npy
removed wrong scan: weights_X_105_xwqg-B00027_2020-04-30.npy
removed wrong scan: weights_X_165_xwqg-A00121_2019-05-15.npy
removed wrong scan: weights_X_30_xwqg-A00121_2019-05-15.npy
removed wrong scan: weights_X_167_xwqg-B00034_2020-04-03.npy
removed wrong scan: weights_X_202_xwqg-B00034_2020-04-03.npy
removed wrong scan: weights_X_150_xwqg-B00034_2020-04-03.npy
removed wrong scan: weights_X_115_xwqg-B00027_2020-04-30.npy
removed wrong scan: weights_X_68_xwqg-B00027_2020-04-30.npy
removed wrong scan: weights_X_98_xwqg-A00121_2019-05-15.npy
removed wrong scan: weights_X_131_xwqg-A00085_2019-09-16.npy
removed wrong scan: weights_X_173_xwqg-B00027_2020-04-30.npy
removed wrong scan: weights_X_24_xwqg-A00121_2019-05-15.npy
removed wrong scan: weights_X_135_xwqg-B00027_2020-04-30.npy
removed wrong scan: weights_X_121_xwqg-B00034_2020-04-03.npy
removed wrong scan: weights_X_83_xwqg-B00034_2020-04-03.npy
removed wrong scan: weights_X_76_xwqg-A00085_2019-09-16.npy
removed wrong scan: weights_X_21_xwqg-B00027_2020-04-30.npy
removed wrong scan: weights_X_188_xwqg-B00027_2020-04-30.npy
removed wrong scan: weights_X_16_xwqg-B00027_2020-04-30.npy
removed wrong scan: weights_X_30_xwqg-A00085_2019-09-16.npy
removed wrong scan: weights_X_47_xwqg-B00034_2020-04-03.npy
removed wrong scan: weights_X_180_xwqg-B00034_2020-04-03.npy
removed wrong scan: weights_X_166_xwqg-A00121_2019-05-15.npy
removed wrong scan: weights_X_129_xwqg-B00027_2020-04-30.npy
removed wrong scan: weights_X_50_xwqg-B00034_2020-04-03.npy
removed wrong scan: weights_X_31_xwqg-B00034_2020-04-03.npy
removed wrong scan: weights_X_182_xwqg-A00121_2019-05-15.npy
removed wrong scan: weights_X_114_xwqg-A00121_2019-05-15.npy
removed wrong scan: weights_X_92_xwqg-B00034_2020-04-03.npy
removed wrong scan: weights_X_120_xwqg-B00034_2020-04-03.npy
removed wrong scan: weights_X_47_xwqg-A00121_2019-05-15.npy
removed wrong scan: weights_X_192_xwqg-B00034_2020-04-03.npy
removed wrong scan: weights_X_139_xwqg-B00027_2020-04-30.npy
removed wrong scan: weights_X_2_xwqg-A00085_2019-09-16.npy
removed wrong scan: weights_X_228_xwqg-A00121_2019-05-15.npy
removed wrong scan: weights_X_201_xwqg-B00027_2020-04-30.npy
removed wrong scan: weights_X_95_xwqg-A00121_2019-05-15.npy
removed wrong scan: weights_X_132_xwqg-B00027_2020-04-30.npy
removed wrong scan: weights_X_133_xwqg-A00085_2019-09-16.npy
removed wrong scan: weights_X_199_xwqg-A00121_2019-05-15.npy
removed wrong scan: weights_X_35_xwqg-A00085_2019-09-16.npy
removed wrong scan: weights_X_76_xwqg-B00027_2020-04-30.npy
removed wrong scan: weights_X_241_xwqg-A00121_2019-05-15.npy
removed wrong scan: weights_X_204_xwqg-B00034_2020-04-03.npy
removed wrong scan: weights_X_11_xwqg-B00034_2020-04-03.npy
removed wrong scan: weights_X_67_xwqg-B00027_2020-04-30.npy
removed wrong scan: weights_X_56_xwqg-B00027_2020-04-30.npy
removed wrong scan: weights_X_45_xwqg-B00034_2020-04-03.npy
removed wrong scan: weights_X_116_xwqg-A00121_2019-05-15.npy
removed wrong scan: weights_X_30_xwqg-B00034_2020-04-03.npy
removed wrong scan: weights_X_86_xwqg-B00027_2020-04-30.npy
removed wrong scan: weights_X_78_xwqg-A00085_2019-09-16.npy
removed wrong scan: weights_X_6_xwqg-A00085_2019-09-16.npy
removed wrong scan: weights_X_156_xwqg-B00027_2020-04-30.npy
removed wrong scan: weights_X_50_xwqg-A00085_2019-09-16.npy
removed wrong scan: weights_X_141_xwqg-B00027_2020-04-30.npy
removed wrong scan: weights_X_144_xwqg-A00121_2019-05-15.npy
removed wrong scan: weights_X_13_xwqg-A00085_2019-09-16.npy
removed wrong scan: weights_X_50_xwqg-A00121_2019-05-15.npy
removed wrong scan: weights_X_172_xwqg-A00121_2019-05-15.npy
removed wrong scan: weights_X_61_xwqg-A00085_2019-09-16.npy
removed wrong scan: weights_X_130_xwqg-A00085_2019-09-16.npy
removed wrong scan: weights_X_76_xwqg-A00121_2019-05-15.npy
removed wrong scan: weights_X_140_xwqg-B00027_2020-04-30.npy
removed wrong scan: weights_X_202_xwqg-B00027_2020-04-30.npy
removed wrong scan: weights_X_6_xwqg-A00121_2019-05-15.npy
removed wrong scan: weights_X_189_xwqg-A00121_2019-05-15.npy
removed wrong scan: weights_X_155_xwqg-B00034_2020-04-03.npy
removed wrong scan: weights_X_210_xwqg-B00034_2020-04-03.npy
removed wrong scan: weights_X_66_xwqg-B00027_2020-04-30.npy
removed wrong scan: weights_X_193_xwqg-B00034_2020-04-03.npy
removed wrong scan: weights_X_159_xwqg-A00121_2019-05-15.npy
removed wrong scan: weights_X_114_xwqg-A00085_2019-09-16.npy
removed wrong scan: weights_X_210_xwqg-A00121_2019-05-15.npy
removed wrong scan: weights_X_104_xwqg-A00085_2019-09-16.npy
removed wrong scan: weights_X_163_xwqg-B00034_2020-04-03.npy
removed wrong scan: weights_X_174_xwqg-B00034_2020-04-03.npy
removed wrong scan: weights_X_40_xwqg-B00027_2020-04-30.npy
removed wrong scan: weights_X_12_xwqg-A00121_2019-05-15.npy
removed wrong scan: weights_X_137_xwqg-B00027_2020-04-30.npy
removed wrong scan: weights_X_60_xwqg-A00085_2019-09-16.npy
removed wrong scan: weights_X_120_xwqg-A00085_2019-09-16.npy
removed wrong scan: weights_X_102_xwqg-A00121_2019-05-15.npy
removed wrong scan: weights_X_41_xwqg-B00034_2020-04-03.npy
removed wrong scan: weights_X_83_xwqg-A00121_2019-05-15.npy
removed wrong scan: weights_X_5_xwqg-B00027_2020-04-30.npy
removed wrong scan: weights_X_11_xwqg-A00121_2019-05-15.npy
removed wrong scan: weights_X_116_xwqg-B00034_2020-04-03.npy
removed wrong scan: weights_X_160_xwqg-B00034_2020-04-03.npy
removed wrong scan: weights_X_161_xwqg-A00121_2019-05-15.npy
removed wrong scan: weights_X_197_xwqg-A00121_2019-05-15.npy
removed wrong scan: weights_X_54_xwqg-B00034_2020-04-03.npy
removed wrong scan: weights_X_176_xwqg-A00121_2019-05-15.npy
removed wrong scan: weights_X_242_xwqg-A00121_2019-05-15.npy
removed wrong scan: weights_X_117_xwqg-B00034_2020-04-03.npy
removed wrong scan: weights_X_178_xwqg-B00034_2020-04-03.npy
removed wrong scan: weights_X_17_xwqg-B00027_2020-04-30.npy
removed wrong scan: weights_X_198_xwqg-B00027_2020-04-30.npy
removed wrong scan: weights_X_123_xwqg-A00121_2019-05-15.npy
removed wrong scan: weights_X_31_xwqg-A00121_2019-05-15.npy
removed wrong scan: weights_X_108_xwqg-A00085_2019-09-16.npy
removed wrong scan: weights_X_119_xwqg-B00027_2020-04-30.npy
removed wrong scan: weights_X_149_xwqg-B00034_2020-04-03.npy
removed wrong scan: weights_X_28_xwqg-A00121_2019-05-15.npy
removed wrong scan: weights_X_64_xwqg-A00085_2019-09-16.npy
removed wrong scan: weights_X_190_xwqg-B00027_2020-04-30.npy
removed wrong scan: weights_X_8_xwqg-A00121_2019-05-15.npy
removed wrong scan: weights_X_118_xwqg-B00034_2020-04-03.npy
removed wrong scan: weights_X_111_xwqg-A00121_2019-05-15.npy
removed wrong scan: weights_X_64_xwqg-B00027_2020-04-30.npy
removed wrong scan: weights_X_97_xwqg-B00034_2020-04-03.npy
removed wrong scan: weights_X_136_xwqg-B00027_2020-04-30.npy
removed wrong scan: weights_X_26_xwqg-B00034_2020-04-03.npy
removed wrong scan: weights_X_226_xwqg-A00121_2019-05-15.npy
removed wrong scan: weights_X_143_xwqg-B00027_2020-04-30.npy
removed wrong scan: weights_X_183_xwqg-B00027_2020-04-30.npy
removed wrong scan: weights_X_212_xwqg-A00121_2019-05-15.npy
removed wrong scan: weights_X_179_xwqg-A00121_2019-05-15.npy
removed wrong scan: weights_X_96_xwqg-A00085_2019-09-16.npy
removed wrong scan: weights_X_137_xwqg-A00085_2019-09-16.npy
removed wrong scan: weights_X_99_xwqg-B00034_2020-04-03.npy
removed wrong scan: weights_X_225_xwqg-A00121_2019-05-15.npy
removed wrong scan: weights_X_72_xwqg-B00034_2020-04-03.npy
removed wrong scan: weights_X_24_xwqg-B00027_2020-04-30.npy
removed wrong scan: weights_X_205_xwqg-A00121_2019-05-15.npy
removed wrong scan: weights_X_80_xwqg-A00121_2019-05-15.npy
removed wrong scan: weights_X_8_xwqg-B00034_2020-04-03.npy
removed wrong scan: weights_X_97_xwqg-A00085_2019-09-16.npy
removed wrong scan: weights_X_7_xwqg-B00034_2020-04-03.npy
removed wrong scan: weights_X_90_xwqg-A00121_2019-05-15.npy
removed wrong scan: weights_X_164_xwqg-B00027_2020-04-30.npy
removed wrong scan: weights_X_66_xwqg-B00034_2020-04-03.npy
removed wrong scan: weights_X_63_xwqg-A00085_2019-09-16.npy
removed wrong scan: weights_X_14_xwqg-A00121_2019-05-15.npy
removed wrong scan: weights_X_88_xwqg-A00085_2019-09-16.npy
removed wrong scan: weights_X_40_xwqg-A00085_2019-09-16.npy
removed wrong scan: weights_X_82_xwqg-B00034_2020-04-03.npy
removed wrong scan: weights_X_107_xwqg-B00027_2020-04-30.npy
removed wrong scan: weights_X_32_xwqg-A00085_2019-09-16.npy
removed wrong scan: weights_X_88_xwqg-A00121_2019-05-15.npy
removed wrong scan: weights_X_137_xwqg-B00034_2020-04-03.npy
removed wrong scan: weights_X_98_xwqg-A00085_2019-09-16.npy
removed wrong scan: weights_X_207_xwqg-B00034_2020-04-03.npy
removed wrong scan: weights_X_30_xwqg-B00027_2020-04-30.npy
removed wrong scan: weights_X_101_xwqg-B00027_2020-04-30.npy
removed wrong scan: weights_X_18_xwqg-B00034_2020-04-03.npy
removed wrong scan: weights_X_14_xwqg-B00034_2020-04-03.npy
removed wrong scan: weights_X_162_xwqg-B00027_2020-04-30.npy
removed wrong scan: weights_X_134_xwqg-A00121_2019-05-15.npy
removed wrong scan: weights_X_109_xwqg-B00027_2020-04-30.npy
removed wrong scan: weights_X_209_xwqg-A00121_2019-05-15.npy
removed wrong scan: weights_X_111_xwqg-B00027_2020-04-30.npy
removed wrong scan: weights_X_181_xwqg-B00027_2020-04-30.npy
removed wrong scan: weights_X_75_xwqg-A00121_2019-05-15.npy
removed wrong scan: weights_X_68_xwqg-A00085_2019-09-16.npy
removed wrong scan: weights_X_50_xwqg-B00027_2020-04-30.npy
removed wrong scan: weights_X_138_xwqg-B00034_2020-04-03.npy
removed wrong scan: weights_X_128_xwqg-B00034_2020-04-03.npy
removed wrong scan: weights_X_134_xwqg-A00085_2019-09-16.npy
removed wrong scan: weights_X_177_xwqg-A00121_2019-05-15.npy
removed wrong scan: weights_X_75_xwqg-B00027_2020-04-30.npy
removed wrong scan: weights_X_122_xwqg-B00034_2020-04-03.npy
removed wrong scan: weights_X_78_xwqg-B00034_2020-04-03.npy
removed wrong scan: weights_X_73_xwqg-B00027_2020-04-30.npy
removed wrong scan: weights_X_173_xwqg-B00034_2020-04-03.npy
removed wrong scan: weights_X_27_xwqg-B00034_2020-04-03.npy
removed wrong scan: weights_X_208_xwqg-B00034_2020-04-03.npy
removed wrong scan: weights_X_81_xwqg-A00085_2019-09-16.npy
removed wrong scan: weights_X_108_xwqg-B00027_2020-04-30.npy
removed wrong scan: weights_X_110_xwqg-B00034_2020-04-03.npy
removed wrong scan: weights_X_39_xwqg-B00034_2020-04-03.npy
removed wrong scan: weights_X_84_xwqg-B00027_2020-04-30.npy
removed wrong scan: weights_X_3_xwqg-A00085_2019-09-16.npy
removed wrong scan: weights_X_187_xwqg-B00034_2020-04-03.npy
removed wrong scan: weights_X_84_xwqg-B00034_2020-04-03.npy
removed wrong scan: weights_X_133_xwqg-B00027_2020-04-30.npy
removed wrong scan: weights_X_73_xwqg-A00085_2019-09-16.npy
removed wrong scan: weights_X_20_xwqg-A00085_2019-09-16.npy
removed wrong scan: weights_X_59_xwqg-B00034_2020-04-03.npy
removed wrong scan: weights_X_100_xwqg-A00121_2019-05-15.npy
removed wrong scan: weights_X_19_xwqg-B00027_2020-04-30.npy
removed wrong scan: weights_X_28_xwqg-A00085_2019-09-16.npy
removed wrong scan: weights_X_213_xwqg-A00121_2019-05-15.npy
removed wrong scan: weights_X_155_xwqg-A00121_2019-05-15.npy
removed wrong scan: weights_X_240_xwqg-A00121_2019-05-15.npy
removed wrong scan: weights_X_195_xwqg-B00034_2020-04-03.npy
removed wrong scan: weights_X_176_xwqg-B00034_2020-04-03.npy
removed wrong scan: weights_X_33_xwqg-B00034_2020-04-03.npy
removed wrong scan: weights_X_140_xwqg-B00034_2020-04-03.npy
removed wrong scan: weights_X_52_xwqg-A00085_2019-09-16.npy
removed wrong scan: weights_X_42_xwqg-B00034_2020-04-03.npy
removed wrong scan: weights_X_134_xwqg-B00034_2020-04-03.npy
removed wrong scan: weights_X_47_xwqg-B00027_2020-04-30.npy
removed wrong scan: weights_X_157_xwqg-B00034_2020-04-03.npy
removed wrong scan: weights_X_200_xwqg-B00034_2020-04-03.npy
removed wrong scan: weights_X_141_xwqg-A00121_2019-05-15.npy
removed wrong scan: weights_X_150_xwqg-A00121_2019-05-15.npy
removed wrong scan: weights_X_23_xwqg-A00085_2019-09-16.npy
removed wrong scan: weights_X_24_xwqg-B00034_2020-04-03.npy
removed wrong scan: weights_X_79_xwqg-A00085_2019-09-16.npy
removed wrong scan: weights_X_49_xwqg-A00121_2019-05-15.npy
# all image files: 12135 # all weight files in weight_dir: 9348 # image files with weight 9316
removed wrong scan: weights_X_203_xwqg-B00027_2020-04-30.npy
removed wrong scan: weights_X_194_xwqg-B00034_2020-04-03.npy
removed wrong scan: weights_X_132_xwqg-B00034_2020-04-03.npy
removed wrong scan: weights_X_36_xwqg-B00027_2020-04-30.npy
removed wrong scan: weights_X_82_xwqg-A00121_2019-05-15.npy
removed wrong scan: weights_X_83_xwqg-A00085_2019-09-16.npy
removed wrong scan: weights_X_11_xwqg-A00085_2019-09-16.npy
removed wrong scan: weights_X_45_xwqg-A00085_2019-09-16.npy
removed wrong scan: weights_X_46_xwqg-A00121_2019-05-15.npy
removed wrong scan: weights_X_35_xwqg-B00027_2020-04-30.npy
removed wrong scan: weights_X_37_xwqg-A00085_2019-09-16.npy
removed wrong scan: weights_X_55_xwqg-A00121_2019-05-15.npy
removed wrong scan: weights_X_145_xwqg-B00034_2020-04-03.npy
removed wrong scan: weights_X_70_xwqg-A00121_2019-05-15.npy
removed wrong scan: weights_X_9_xwqg-B00027_2020-04-30.npy
removed wrong scan: weights_X_223_xwqg-A00121_2019-05-15.npy
removed wrong scan: weights_X_135_xwqg-B00034_2020-04-03.npy
removed wrong scan: weights_X_157_xwqg-A00121_2019-05-15.npy
removed wrong scan: weights_X_42_xwqg-B00027_2020-04-30.npy
removed wrong scan: weights_X_144_xwqg-B00027_2020-04-30.npy
removed wrong scan: weights_X_69_xwqg-B00027_2020-04-30.npy
removed wrong scan: weights_X_165_xwqg-B00034_2020-04-03.npy
removed wrong scan: weights_X_172_xwqg-B00027_2020-04-30.npy
removed wrong scan: weights_X_81_xwqg-B00034_2020-04-03.npy
removed wrong scan: weights_X_17_xwqg-A00121_2019-05-15.npy
removed wrong scan: weights_X_78_xwqg-B00027_2020-04-30.npy
removed wrong scan: weights_X_23_xwqg-B00027_2020-04-30.npy
removed wrong scan: weights_X_76_xwqg-B00034_2020-04-03.npy
removed wrong scan: weights_X_146_xwqg-B00034_2020-04-03.npy
removed wrong scan: weights_X_14_xwqg-B00027_2020-04-30.npy
removed wrong scan: weights_X_25_xwqg-B00027_2020-04-30.npy
removed wrong scan: weights_X_170_xwqg-B00034_2020-04-03.npy
removed wrong scan: weights_X_26_xwqg-A00121_2019-05-15.npy
removed wrong scan: weights_X_98_xwqg-B00027_2020-04-30.npy
removed wrong scan: weights_X_199_xwqg-B00034_2020-04-03.npy
removed wrong scan: weights_X_112_xwqg-B00034_2020-04-03.npy
removed wrong scan: weights_X_164_xwqg-B00034_2020-04-03.npy
removed wrong scan: weights_X_3_xwqg-B00034_2020-04-03.npy
removed wrong scan: weights_X_118_xwqg-A00085_2019-09-16.npy
removed wrong scan: weights_X_198_xwqg-B00034_2020-04-03.npy
removed wrong scan: weights_X_55_xwqg-B00034_2020-04-03.npy
removed wrong scan: weights_X_95_xwqg-A00085_2019-09-16.npy
removed wrong scan: weights_X_19_xwqg-A00085_2019-09-16.npy
removed wrong scan: weights_X_56_xwqg-A00085_2019-09-16.npy
removed wrong scan: weights_X_222_xwqg-A00121_2019-05-15.npy
removed wrong scan: weights_X_183_xwqg-A00121_2019-05-15.npy
removed wrong scan: weights_X_239_xwqg-A00121_2019-05-15.npy
removed wrong scan: weights_X_74_xwqg-A00085_2019-09-16.npy
removed wrong scan: weights_X_184_xwqg-B00034_2020-04-03.npy
removed wrong scan: weights_X_57_xwqg-A00085_2019-09-16.npy
removed wrong scan: weights_X_22_xwqg-A00121_2019-05-15.npy
removed wrong scan: weights_X_135_xwqg-A00085_2019-09-16.npy
removed wrong scan: weights_X_216_xwqg-A00121_2019-05-15.npy
removed wrong scan: weights_X_192_xwqg-B00027_2020-04-30.npy
removed wrong scan: weights_X_62_xwqg-B00034_2020-04-03.npy
removed wrong scan: weights_X_235_xwqg-A00121_2019-05-15.npy
removed wrong scan: weights_X_87_xwqg-B00027_2020-04-30.npy
removed wrong scan: weights_X_106_xwqg-B00034_2020-04-03.npy
removed wrong scan: weights_X_21_xwqg-A00121_2019-05-15.npy
removed wrong scan: weights_X_180_xwqg-B00027_2020-04-30.npy
removed wrong scan: weights_X_5_xwqg-A00085_2019-09-16.npy
removed wrong scan: weights_X_153_xwqg-A00121_2019-05-15.npy
removed wrong scan: weights_X_51_xwqg-B00027_2020-04-30.npy
removed wrong scan: weights_X_181_xwqg-A00121_2019-05-15.npy
removed wrong scan: weights_X_61_xwqg-B00027_2020-04-30.npy
removed wrong scan: weights_X_171_xwqg-A00121_2019-05-15.npy
removed wrong scan: weights_X_161_xwqg-B00034_2020-04-03.npy
removed wrong scan: weights_X_39_xwqg-A00121_2019-05-15.npy
removed wrong scan: weights_X_1_xwqg-A00121_2019-05-15.npy
removed wrong scan: weights_X_238_xwqg-A00121_2019-05-15.npy
removed wrong scan: weights_X_123_xwqg-B00034_2020-04-03.npy
removed wrong scan: weights_X_85_xwqg-B00027_2020-04-30.npy
removed wrong scan: weights_X_105_xwqg-A00121_2019-05-15.npy
removed wrong scan: weights_X_190_xwqg-A00121_2019-05-15.npy
removed wrong scan: weights_X_12_xwqg-A00085_2019-09-16.npy
removed wrong scan: weights_X_4_xwqg-A00121_2019-05-15.npy
removed wrong scan: weights_X_5_xwqg-B00034_2020-04-03.npy
removed wrong scan: weights_X_43_xwqg-A00121_2019-05-15.npy
removed wrong scan: weights_X_196_xwqg-A00121_2019-05-15.npy
removed wrong scan: weights_X_2_xwqg-B00034_2020-04-03.npy
removed wrong scan: weights_X_3_xwqg-A00121_2019-05-15.npy
removed wrong scan: weights_X_4_xwqg-B00027_2020-04-30.npy
removed wrong scan: weights_X_43_xwqg-A00085_2019-09-16.npy
removed wrong scan: weights_X_69_xwqg-A00085_2019-09-16.npy
removed wrong scan: weights_X_232_xwqg-A00121_2019-05-15.npy
removed wrong scan: weights_X_5_xwqg-A00121_2019-05-15.npy
removed wrong scan: weights_X_195_xwqg-A00121_2019-05-15.npy
removed wrong scan: weights_X_16_xwqg-A00085_2019-09-16.npy
removed wrong scan: weights_X_102_xwqg-B00034_2020-04-03.npy
removed wrong scan: weights_X_101_xwqg-A00121_2019-05-15.npy
removed wrong scan: weights_X_204_xwqg-A00121_2019-05-15.npy
removed wrong scan: weights_X_7_xwqg-A00121_2019-05-15.npy
removed wrong scan: weights_X_57_xwqg-A00121_2019-05-15.npy
removed wrong scan: weights_X_171_xwqg-B00034_2020-04-03.npy
removed wrong scan: weights_X_23_xwqg-B00034_2020-04-03.npy
removed wrong scan: weights_X_183_xwqg-B00034_2020-04-03.npy
removed wrong scan: weights_X_182_xwqg-B00027_2020-04-30.npy
removed wrong scan: weights_X_205_xwqg-B00034_2020-04-03.npy
removed wrong scan: weights_X_97_xwqg-A00121_2019-05-15.npy
removed wrong scan: weights_X_107_xwqg-A00121_2019-05-15.npy
removed wrong scan: weights_X_103_xwqg-B00034_2020-04-03.npy
removed wrong scan: weights_X_65_xwqg-B00034_2020-04-03.npy
removed wrong scan: weights_X_231_xwqg-A00121_2019-05-15.npy
removed wrong scan: weights_X_48_xwqg-B00034_2020-04-03.npy
removed wrong scan: weights_X_160_xwqg-A00121_2019-05-15.npy
removed wrong scan: weights_X_133_xwqg-A00121_2019-05-15.npy
removed wrong scan: weights_X_108_xwqg-A00121_2019-05-15.npy
removed wrong scan: weights_X_58_xwqg-A00121_2019-05-15.npy
removed wrong scan: weights_X_71_xwqg-A00085_2019-09-16.npy
removed wrong scan: weights_X_143_xwqg-B00034_2020-04-03.npy
removed wrong scan: weights_X_177_xwqg-B00027_2020-04-30.npy
removed wrong scan: weights_X_2_xwqg-B00027_2020-04-30.npy
removed wrong scan: weights_X_34_xwqg-B00027_2020-04-30.npy
removed wrong scan: weights_X_77_xwqg-B00027_2020-04-30.npy
removed wrong scan: weights_X_28_xwqg-B00027_2020-04-30.npy
removed wrong scan: weights_X_221_xwqg-A00121_2019-05-15.npy
removed wrong scan: weights_X_51_xwqg-A00085_2019-09-16.npy
removed wrong scan: weights_X_169_xwqg-B00034_2020-04-03.npy
removed wrong scan: weights_X_89_xwqg-A00121_2019-05-15.npy
removed wrong scan: weights_X_116_xwqg-B00027_2020-04-30.npy
removed wrong scan: weights_X_56_xwqg-B00034_2020-04-03.npy
removed wrong scan: weights_X_103_xwqg-A00121_2019-05-15.npy
removed wrong scan: weights_X_92_xwqg-A00121_2019-05-15.npy
removed wrong scan: weights_X_67_xwqg-A00121_2019-05-15.npy
removed wrong scan: weights_X_125_xwqg-B00027_2020-04-30.npy
removed wrong scan: weights_X_91_xwqg-B00034_2020-04-03.npy
removed wrong scan: weights_X_211_xwqg-A00121_2019-05-15.npy
removed wrong scan: weights_X_72_xwqg-A00121_2019-05-15.npy
removed wrong scan: weights_X_119_xwqg-B00034_2020-04-03.npy
removed wrong scan: weights_X_60_xwqg-A00121_2019-05-15.npy
removed wrong scan: weights_X_70_xwqg-B00034_2020-04-03.npy
removed wrong scan: weights_X_186_xwqg-B00034_2020-04-03.npy
removed wrong scan: weights_X_67_xwqg-B00034_2020-04-03.npy
removed wrong scan: weights_X_60_xwqg-B00027_2020-04-30.npy
removed wrong scan: weights_X_85_xwqg-A00121_2019-05-15.npy
removed wrong scan: weights_X_19_xwqg-B00034_2020-04-03.npy
removed wrong scan: weights_X_25_xwqg-A00121_2019-05-15.npy
removed wrong scan: weights_X_27_xwqg-B00027_2020-04-30.npy
removed wrong scan: weights_X_37_xwqg-B00027_2020-04-30.npy
removed wrong scan: weights_X_87_xwqg-B00034_2020-04-03.npy
removed wrong scan: weights_X_99_xwqg-A00121_2019-05-15.npy
removed wrong scan: weights_X_48_xwqg-A00121_2019-05-15.npy
removed wrong scan: weights_X_174_xwqg-A00121_2019-05-15.npy
removed wrong scan: weights_X_121_xwqg-A00121_2019-05-15.npy
removed wrong scan: weights_X_13_xwqg-B00034_2020-04-03.npy
removed wrong scan: weights_X_153_xwqg-B00034_2020-04-03.npy
removed wrong scan: weights_X_149_xwqg-A00121_2019-05-15.npy
removed wrong scan: weights_X_105_xwqg-B00034_2020-04-03.npy
removed wrong scan: weights_X_88_xwqg-B00034_2020-04-03.npy
removed wrong scan: weights_X_109_xwqg-B00034_2020-04-03.npy
removed wrong scan: weights_X_91_xwqg-B00027_2020-04-30.npy
removed wrong scan: weights_X_44_xwqg-B00034_2020-04-03.npy
removed wrong scan: weights_X_89_xwqg-A00085_2019-09-16.npy
removed wrong scan: weights_X_15_xwqg-A00121_2019-05-15.npy
removed wrong scan: weights_X_234_xwqg-A00121_2019-05-15.npy
removed wrong scan: weights_X_33_xwqg-A00085_2019-09-16.npy
removed wrong scan: weights_X_152_xwqg-B00034_2020-04-03.npy
removed wrong scan: weights_X_227_xwqg-A00121_2019-05-15.npy
removed wrong scan: weights_X_148_xwqg-A00121_2019-05-15.npy
removed wrong scan: weights_X_17_xwqg-B00034_2020-04-03.npy
removed wrong scan: weights_X_17_xwqg-A00085_2019-09-16.npy
removed wrong scan: weights_X_209_xwqg-B00034_2020-04-03.npy
removed wrong scan: weights_X_93_xwqg-A00085_2019-09-16.npy
removed wrong scan: weights_X_206_xwqg-A00121_2019-05-15.npy
removed wrong scan: weights_X_93_xwqg-B00027_2020-04-30.npy
removed wrong scan: weights_X_126_xwqg-A00085_2019-09-16.npy
removed wrong scan: weights_X_52_xwqg-A00121_2019-05-15.npy
removed wrong scan: weights_X_33_xwqg-B00027_2020-04-30.npy
removed wrong scan: weights_X_10_xwqg-A00085_2019-09-16.npy
removed wrong scan: weights_X_110_xwqg-A00085_2019-09-16.npy
removed wrong scan: weights_X_80_xwqg-A00085_2019-09-16.npy
removed wrong scan: weights_X_63_xwqg-A00121_2019-05-15.npy
removed wrong scan: weights_X_86_xwqg-B00034_2020-04-03.npy
removed wrong scan: weights_X_79_xwqg-B00027_2020-04-30.npy
removed wrong scan: weights_X_86_xwqg-A00121_2019-05-15.npy
removed wrong scan: weights_X_74_xwqg-B00034_2020-04-03.npy
removed wrong scan: weights_X_12_xwqg-B00027_2020-04-30.npy
removed wrong scan: weights_X_160_xwqg-B00027_2020-04-30.npy
removed wrong scan: weights_X_79_xwqg-A00121_2019-05-15.npy
removed wrong scan: weights_X_224_xwqg-A00121_2019-05-15.npy
removed wrong scan: weights_X_159_xwqg-B00027_2020-04-30.npy
removed wrong scan: weights_X_166_xwqg-B00034_2020-04-03.npy
removed wrong scan: weights_X_198_xwqg-A00121_2019-05-15.npy
removed wrong scan: weights_X_100_xwqg-B00027_2020-04-30.npy
removed wrong scan: weights_X_194_xwqg-A00121_2019-05-15.npy
removed wrong scan: weights_X_39_xwqg-B00027_2020-04-30.npy
removed wrong scan: weights_X_164_xwqg-A00121_2019-05-15.npy
removed wrong scan: weights_X_98_xwqg-B00034_2020-04-03.npy
removed wrong scan: weights_X_59_xwqg-A00085_2019-09-16.npy
removed wrong scan: weights_X_212_xwqg-B00034_2020-04-03.npy
removed wrong scan: weights_X_32_xwqg-A00121_2019-05-15.npy
removed wrong scan: weights_X_191_xwqg-B00027_2020-04-30.npy
removed wrong scan: weights_X_28_xwqg-B00034_2020-04-03.npy
removed wrong scan: weights_X_26_xwqg-B00027_2020-04-30.npy
removed wrong scan: weights_X_93_xwqg-A00121_2019-05-15.npy
removed wrong scan: weights_X_102_xwqg-A00085_2019-09-16.npy
removed wrong scan: weights_X_32_xwqg-B00034_2020-04-03.npy
removed wrong scan: weights_X_15_xwqg-B00034_2020-04-03.npy
removed wrong scan: weights_X_158_xwqg-B00027_2020-04-30.npy
removed wrong scan: weights_X_86_xwqg-A00085_2019-09-16.npy
removed wrong scan: weights_X_31_xwqg-A00085_2019-09-16.npy
removed wrong scan: weights_X_208_xwqg-A00121_2019-05-15.npy
removed wrong scan: weights_X_29_xwqg-A00121_2019-05-15.npy
removed wrong scan: weights_X_27_xwqg-A00121_2019-05-15.npy
removed wrong scan: weights_X_131_xwqg-B00027_2020-04-30.npy
removed wrong scan: weights_X_187_xwqg-B00027_2020-04-30.npy
removed wrong scan: weights_X_35_xwqg-A00121_2019-05-15.npy
removed wrong scan: weights_X_187_xwqg-A00121_2019-05-15.npy
removed wrong scan: weights_X_92_xwqg-B00027_2020-04-30.npy
removed wrong scan: weights_X_4_xwqg-B00034_2020-04-03.npy
removed wrong scan: weights_X_36_xwqg-A00085_2019-09-16.npy
removed wrong scan: weights_X_7_xwqg-B00027_2020-04-30.npy
removed wrong scan: weights_X_236_xwqg-A00121_2019-05-15.npy
removed wrong scan: weights_X_189_xwqg-B00034_2020-04-03.npy
removed wrong scan: weights_X_74_xwqg-B00027_2020-04-30.npy
removed wrong scan: weights_X_123_xwqg-A00085_2019-09-16.npy
removed wrong scan: weights_X_64_xwqg-B00034_2020-04-03.npy
removed wrong scan: weights_X_52_xwqg-B00034_2020-04-03.npy
removed wrong scan: weights_X_175_xwqg-B00027_2020-04-30.npy
removed wrong scan: weights_X_144_xwqg-B00034_2020-04-03.npy
removed wrong scan: weights_X_170_xwqg-A00121_2019-05-15.npy
removed wrong scan: weights_X_127_xwqg-B00027_2020-04-30.npy
removed wrong scan: weights_X_184_xwqg-B00027_2020-04-30.npy
removed wrong scan: weights_X_88_xwqg-B00027_2020-04-30.npy
removed wrong scan: weights_X_195_xwqg-B00027_2020-04-30.npy
removed wrong scan: weights_X_203_xwqg-B00034_2020-04-03.npy
removed wrong scan: weights_X_49_xwqg-B00034_2020-04-03.npy
removed wrong scan: weights_X_53_xwqg-A00121_2019-05-15.npy
removed wrong scan: weights_X_152_xwqg-B00027_2020-04-30.npy
removed wrong scan: weights_X_77_xwqg-A00085_2019-09-16.npy
removed wrong scan: weights_X_142_xwqg-A00121_2019-05-15.npy
removed wrong scan: weights_X_190_xwqg-B00034_2020-04-03.npy
removed wrong scan: weights_X_178_xwqg-A00121_2019-05-15.npy
removed wrong scan: weights_X_124_xwqg-B00027_2020-04-30.npy
removed wrong scan: weights_X_128_xwqg-B00027_2020-04-30.npy
removed wrong scan: weights_X_131_xwqg-B00034_2020-04-03.npy
removed wrong scan: weights_X_158_xwqg-B00034_2020-04-03.npy
removed wrong scan: weights_X_151_xwqg-A00121_2019-05-15.npy
removed wrong scan: weights_X_175_xwqg-A00121_2019-05-15.npy
removed wrong scan: weights_X_215_xwqg-A00121_2019-05-15.npy
removed wrong scan: weights_X_4_xwqg-A00085_2019-09-16.npy
removed wrong scan: weights_X_59_xwqg-B00027_2020-04-30.npy
removed wrong scan: weights_X_29_xwqg-A00085_2019-09-16.npy
removed wrong scan: weights_X_22_xwqg-A00085_2019-09-16.npy
removed wrong scan: weights_X_84_xwqg-A00121_2019-05-15.npy
removed wrong scan: weights_X_220_xwqg-A00121_2019-05-15.npy
removed wrong scan: weights_X_117_xwqg-A00085_2019-09-16.npy
removed wrong scan: weights_X_104_xwqg-A00121_2019-05-15.npy
removed wrong scan: weights_X_136_xwqg-A00085_2019-09-16.npy
removed wrong scan: weights_X_142_xwqg-B00034_2020-04-03.npy
removed wrong scan: weights_X_147_xwqg-B00034_2020-04-03.npy
removed wrong scan: weights_X_44_xwqg-A00085_2019-09-16.npy
removed wrong scan: weights_X_73_xwqg-A00121_2019-05-15.npy
removed wrong scan: weights_X_54_xwqg-A00121_2019-05-15.npy
removed wrong scan: weights_X_138_xwqg-B00027_2020-04-30.npy
removed wrong scan: weights_X_62_xwqg-A00121_2019-05-15.npy
removed wrong scan: weights_X_101_xwqg-B00034_2020-04-03.npy
removed wrong scan: weights_X_33_xwqg-A00121_2019-05-15.npy
removed wrong scan: weights_X_71_xwqg-B00034_2020-04-03.npy
removed wrong scan: weights_X_131_xwqg-A00121_2019-05-15.npy
removed wrong scan: weights_X_237_xwqg-A00121_2019-05-15.npy
removed wrong scan: weights_X_119_xwqg-A00121_2019-05-15.npy
removed wrong scan: weights_X_68_xwqg-B00034_2020-04-03.npy
removed wrong scan: weights_X_12_xwqg-B00034_2020-04-03.npy
removed wrong scan: weights_X_161_xwqg-B00027_2020-04-30.npy
removed wrong scan: weights_X_200_xwqg-B00027_2020-04-30.npy
removed wrong scan: weights_X_57_xwqg-B00034_2020-04-03.npy
removed wrong scan: weights_X_1_xwqg-B00034_2020-04-03.npy
removed wrong scan: weights_X_111_xwqg-B00034_2020-04-03.npy
removed wrong scan: weights_X_89_xwqg-B00027_2020-04-30.npy
removed wrong scan: weights_X_49_xwqg-A00085_2019-09-16.npy
removed wrong scan: weights_X_1_xwqg-B00027_2020-04-30.npy
removed wrong scan: weights_X_124_xwqg-A00121_2019-05-15.npy
removed wrong scan: weights_X_128_xwqg-A00085_2019-09-16.npy
removed wrong scan: weights_X_99_xwqg-B00027_2020-04-30.npy
removed wrong scan: weights_X_29_xwqg-B00027_2020-04-30.npy
removed wrong scan: weights_X_201_xwqg-A00121_2019-05-15.npy
removed wrong scan: weights_X_29_xwqg-B00034_2020-04-03.npy
removed wrong scan: weights_X_110_xwqg-A00121_2019-05-15.npy
removed wrong scan: weights_X_230_xwqg-A00121_2019-05-15.npy
removed wrong scan: weights_X_95_xwqg-B00034_2020-04-03.npy
removed wrong scan: weights_X_146_xwqg-B00027_2020-04-30.npy
removed wrong scan: weights_X_3_xwqg-B00027_2020-04-30.npy
removed wrong scan: weights_X_180_xwqg-A00121_2019-05-15.npy
removed wrong scan: weights_X_46_xwqg-B00027_2020-04-30.npy
removed wrong scan: weights_X_103_xwqg-B00027_2020-04-30.npy
removed wrong scan: weights_X_62_xwqg-A00085_2019-09-16.npy
removed wrong scan: weights_X_112_xwqg-B00027_2020-04-30.npy
removed wrong scan: weights_X_185_xwqg-B00034_2020-04-03.npy
removed wrong scan: weights_X_120_xwqg-B00027_2020-04-30.npy
removed wrong scan: weights_X_189_xwqg-B00027_2020-04-30.npy
removed wrong scan: weights_X_126_xwqg-B00034_2020-04-03.npy
removed wrong scan: weights_X_113_xwqg-B00034_2020-04-03.npy
removed wrong scan: weights_X_34_xwqg-B00034_2020-04-03.npy
removed wrong scan: weights_X_127_xwqg-A00085_2019-09-16.npy
removed wrong scan: weights_X_25_xwqg-A00085_2019-09-16.npy
removed wrong scan: weights_X_156_xwqg-A00121_2019-05-15.npy
removed wrong scan: weights_X_72_xwqg-A00085_2019-09-16.npy
removed wrong scan: weights_X_129_xwqg-A00121_2019-05-15.npy
removed wrong scan: weights_X_145_xwqg-B00027_2020-04-30.npy
removed wrong scan: weights_X_21_xwqg-A00085_2019-09-16.npy
removed wrong scan: weights_X_133_xwqg-B00034_2020-04-03.npy
removed wrong scan: weights_X_176_xwqg-B00027_2020-04-30.npy
removed wrong scan: weights_X_90_xwqg-B00027_2020-04-30.npy
removed wrong scan: weights_X_182_xwqg-B00034_2020-04-03.npy
removed wrong scan: weights_X_151_xwqg-B00027_2020-04-30.npy
removed wrong scan: weights_X_44_xwqg-A00121_2019-05-15.npy
removed wrong scan: weights_X_94_xwqg-B00027_2020-04-30.npy
removed wrong scan: weights_X_167_xwqg-A00121_2019-05-15.npy
removed wrong scan: weights_X_214_xwqg-A00121_2019-05-15.npy
removed wrong scan: weights_X_136_xwqg-B00034_2020-04-03.npy
removed wrong scan: weights_X_61_xwqg-B00034_2020-04-03.npy
removed wrong scan: weights_X_14_xwqg-A00085_2019-09-16.npy
removed wrong scan: weights_X_84_xwqg-A00085_2019-09-16.npy
removed wrong scan: weights_X_184_xwqg-A00121_2019-05-15.npy
removed wrong scan: weights_X_22_xwqg-B00034_2020-04-03.npy
removed wrong scan: weights_X_186_xwqg-B00027_2020-04-30.npy
removed wrong scan: weights_X_94_xwqg-A00085_2019-09-16.npy
removed wrong scan: weights_X_116_xwqg-A00085_2019-09-16.npy
removed wrong scan: weights_X_23_xwqg-A00121_2019-05-15.npy
removed wrong scan: weights_X_96_xwqg-B00034_2020-04-03.npy
removed wrong scan: weights_X_21_xwqg-B00034_2020-04-03.npy
removed wrong scan: weights_X_217_xwqg-A00121_2019-05-15.npy
removed wrong scan: weights_X_136_xwqg-A00121_2019-05-15.npy
removed wrong scan: weights_X_130_xwqg-B00034_2020-04-03.npy
removed wrong scan: weights_X_49_xwqg-B00027_2020-04-30.npy
removed wrong scan: weights_X_211_xwqg-B00034_2020-04-03.npy
removed wrong scan: weights_X_67_xwqg-A00085_2019-09-16.npy
removed wrong scan: weights_X_107_xwqg-B00034_2020-04-03.npy
removed wrong scan: weights_X_69_xwqg-A00121_2019-05-15.npy
removed wrong scan: weights_X_134_xwqg-B00027_2020-04-30.npy
removed wrong scan: weights_X_31_xwqg-B00027_2020-04-30.npy
removed wrong scan: weights_X_64_xwqg-A00121_2019-05-15.npy
removed wrong scan: weights_X_79_xwqg-B00034_2020-04-03.npy
removed wrong scan: weights_X_139_xwqg-A00121_2019-05-15.npy
removed wrong scan: weights_X_22_xwqg-B00027_2020-04-30.npy
removed wrong scan: weights_X_193_xwqg-A00121_2019-05-15.npy
removed wrong scan: weights_X_20_xwqg-B00027_2020-04-30.npy
removed wrong scan: weights_X_65_xwqg-A00085_2019-09-16.npy
removed wrong scan: weights_X_71_xwqg-B00027_2020-04-30.npy
removed wrong scan: weights_X_101_xwqg-A00085_2019-09-16.npy
removed wrong scan: weights_X_96_xwqg-B00027_2020-04-30.npy
removed wrong scan: weights_X_18_xwqg-B00027_2020-04-30.npy
removed wrong scan: weights_X_60_xwqg-B00034_2020-04-03.npy
removed wrong scan: weights_X_109_xwqg-A00121_2019-05-15.npy
removed wrong scan: weights_X_130_xwqg-B00027_2020-04-30.npy
removed wrong scan: weights_X_169_xwqg-A00121_2019-05-15.npy
removed wrong scan: weights_X_150_xwqg-B00027_2020-04-30.npy
removed wrong scan: weights_X_130_xwqg-A00121_2019-05-15.npy
removed wrong scan: weights_X_100_xwqg-A00085_2019-09-16.npy
removed wrong scan: weights_X_119_xwqg-A00085_2019-09-16.npy
removed wrong scan: weights_X_179_xwqg-B00034_2020-04-03.npy
removed wrong scan: weights_X_72_xwqg-B00027_2020-04-30.npy
removed wrong scan: weights_X_82_xwqg-A00085_2019-09-16.npy
removed wrong scan: weights_X_53_xwqg-B00027_2020-04-30.npy
removed wrong scan: weights_X_59_xwqg-A00121_2019-05-15.npy
removed wrong scan: weights_X_178_xwqg-B00027_2020-04-30.npy
removed wrong scan: weights_X_6_xwqg-B00034_2020-04-03.npy
removed wrong scan: weights_X_51_xwqg-B00034_2020-04-03.npy
removed wrong scan: weights_X_158_xwqg-A00121_2019-05-15.npy
removed wrong scan: weights_X_97_xwqg-B00027_2020-04-30.npy
removed wrong scan: weights_X_201_xwqg-B00034_2020-04-03.npy
removed wrong scan: weights_X_153_xwqg-B00027_2020-04-30.npy
removed wrong scan: weights_X_94_xwqg-B00034_2020-04-03.npy
removed wrong scan: weights_X_141_xwqg-B00034_2020-04-03.npy
removed wrong scan: weights_X_113_xwqg-B00027_2020-04-30.npy
removed wrong scan: weights_X_42_xwqg-A00121_2019-05-15.npy
removed wrong scan: weights_X_106_xwqg-B00027_2020-04-30.npy
removed wrong scan: weights_X_191_xwqg-A00121_2019-05-15.npy
removed wrong scan: weights_X_170_xwqg-B00027_2020-04-30.npy
removed wrong scan: weights_X_147_xwqg-B00027_2020-04-30.npy
removed wrong scan: weights_X_16_xwqg-B00034_2020-04-03.npy
removed wrong scan: weights_X_115_xwqg-A00121_2019-05-15.npy
removed wrong scan: weights_X_118_xwqg-B00027_2020-04-30.npy
removed wrong scan: weights_X_91_xwqg-A00121_2019-05-15.npy
removed wrong scan: weights_X_155_xwqg-B00027_2020-04-30.npy
removed wrong scan: weights_X_114_xwqg-B00027_2020-04-30.npy
removed wrong scan: weights_X_18_xwqg-A00121_2019-05-15.npy
removed wrong scan: weights_X_192_xwqg-A00121_2019-05-15.npy
removed wrong scan: weights_X_66_xwqg-A00085_2019-09-16.npy
removed wrong scan: weights_X_99_xwqg-A00085_2019-09-16.npy
removed wrong scan: weights_X_163_xwqg-A00121_2019-05-15.npy
removed wrong scan: weights_X_233_xwqg-A00121_2019-05-15.npy
removed wrong scan: weights_X_36_xwqg-B00034_2020-04-03.npy
removed wrong scan: weights_X_126_xwqg-B00027_2020-04-30.npy
removed wrong scan: weights_X_9_xwqg-B00034_2020-04-03.npy
removed wrong scan: weights_X_87_xwqg-A00121_2019-05-15.npy
removed wrong scan: weights_X_16_xwqg-A00121_2019-05-15.npy
removed wrong scan: weights_X_38_xwqg-B00034_2020-04-03.npy
removed wrong scan: weights_X_45_xwqg-B00027_2020-04-30.npy
removed wrong scan: weights_X_41_xwqg-A00085_2019-09-16.npy
removed wrong scan: weights_X_186_xwqg-A00121_2019-05-15.npy
removed wrong scan: weights_X_70_xwqg-B00027_2020-04-30.npy
removed wrong scan: weights_X_47_xwqg-A00085_2019-09-16.npy
removed wrong scan: weights_X_137_xwqg-A00121_2019-05-15.npy
removed wrong scan: weights_X_124_xwqg-B00034_2020-04-03.npy
removed wrong scan: weights_X_77_xwqg-B00034_2020-04-03.npy
removed wrong scan: weights_X_110_xwqg-B00027_2020-04-30.npy
removed wrong scan: weights_X_174_xwqg-B00027_2020-04-30.npy
removed wrong scan: weights_X_124_xwqg-A00085_2019-09-16.npy
removed wrong scan: weights_X_129_xwqg-A00085_2019-09-16.npy
removed wrong scan: weights_X_108_xwqg-B00034_2020-04-03.npy
removed wrong scan: weights_X_91_xwqg-A00085_2019-09-16.npy
removed wrong scan: weights_X_41_xwqg-B00027_2020-04-30.npy
removed wrong scan: weights_X_151_xwqg-B00034_2020-04-03.npy
removed wrong scan: weights_X_10_xwqg-A00121_2019-05-15.npy
removed wrong scan: weights_X_193_xwqg-B00027_2020-04-30.npy
removed wrong scan: weights_X_157_xwqg-B00027_2020-04-30.npy
removed wrong scan: weights_X_6_xwqg-B00027_2020-04-30.npy
removed wrong scan: weights_X_40_xwqg-B00034_2020-04-03.npy
removed wrong scan: weights_X_138_xwqg-A00121_2019-05-15.npy
removed wrong scan: weights_X_121_xwqg-A00085_2019-09-16.npy
removed wrong scan: weights_X_159_xwqg-B00034_2020-04-03.npy
removed wrong scan: weights_X_147_xwqg-A00121_2019-05-15.npy
removed wrong scan: weights_X_114_xwqg-B00034_2020-04-03.npy
removed wrong scan: weights_X_77_xwqg-A00121_2019-05-15.npy
removed wrong scan: weights_X_54_xwqg-B00027_2020-04-30.npy
removed wrong scan: weights_X_125_xwqg-A00121_2019-05-15.npy
removed wrong scan: weights_X_9_xwqg-A00121_2019-05-15.npy
removed wrong scan: weights_X_154_xwqg-B00034_2020-04-03.npy
removed wrong scan: weights_X_56_xwqg-A00121_2019-05-15.npy
removed wrong scan: weights_X_37_xwqg-B00034_2020-04-03.npy
removed wrong scan: weights_X_58_xwqg-B00027_2020-04-30.npy
removed wrong scan: weights_X_78_xwqg-A00121_2019-05-15.npy
removed wrong scan: weights_X_127_xwqg-B00034_2020-04-03.npy
removed wrong scan: weights_X_148_xwqg-B00027_2020-04-30.npy
removed wrong scan: weights_X_69_xwqg-B00034_2020-04-03.npy
removed wrong scan: weights_X_43_xwqg-B00034_2020-04-03.npy
removed wrong scan: weights_X_13_xwqg-A00121_2019-05-15.npy
removed wrong scan: weights_X_140_xwqg-A00121_2019-05-15.npy
removed wrong scan: weights_X_25_xwqg-B00034_2020-04-03.npy
removed wrong scan: weights_X_13_xwqg-B00027_2020-04-30.npy
removed wrong scan: weights_X_46_xwqg-B00034_2020-04-03.npy
removed wrong scan: weights_X_43_xwqg-B00027_2020-04-30.npy
removed wrong scan: weights_X_197_xwqg-B00034_2020-04-03.npy
removed wrong scan: weights_X_81_xwqg-A00121_2019-05-15.npy
removed wrong scan: weights_X_171_xwqg-B00027_2020-04-30.npy
removed wrong scan: weights_X_106_xwqg-A00121_2019-05-15.npy
removed wrong scan: weights_X_38_xwqg-A00085_2019-09-16.npy
removed wrong scan: weights_X_162_xwqg-B00034_2020-04-03.npy
removed wrong scan: weights_X_138_xwqg-A00085_2019-09-16.npy
removed wrong scan: weights_X_206_xwqg-B00034_2020-04-03.npy
removed wrong scan: weights_X_115_xwqg-A00085_2019-09-16.npy
removed wrong scan: weights_X_188_xwqg-A00121_2019-05-15.npy
removed wrong scan: weights_X_199_xwqg-B00027_2020-04-30.npy
removed wrong scan: weights_X_126_xwqg-A00121_2019-05-15.npy
removed wrong scan: weights_X_109_xwqg-A00085_2019-09-16.npy
removed wrong scan: weights_X_37_xwqg-A00121_2019-05-15.npy
removed wrong scan: weights_X_58_xwqg-B00034_2020-04-03.npy
removed wrong scan: weights_X_132_xwqg-A00121_2019-05-15.npy
removed wrong scan: weights_X_95_xwqg-B00027_2020-04-30.npy
removed wrong scan: weights_X_96_xwqg-A00121_2019-05-15.npy
removed wrong scan: weights_X_20_xwqg-B00034_2020-04-03.npy
removed wrong scan: weights_X_39_xwqg-A00085_2019-09-16.npy
removed wrong scan: weights_X_168_xwqg-B00027_2020-04-30.npy
removed wrong scan: weights_X_104_xwqg-B00027_2020-04-30.npy
removed wrong scan: weights_X_177_xwqg-B00034_2020-04-03.npy
removed wrong scan: weights_X_55_xwqg-A00085_2019-09-16.npy
removed wrong scan: weights_X_122_xwqg-A00121_2019-05-15.npy
removed wrong scan: weights_X_168_xwqg-A00121_2019-05-15.npy
removed wrong scan: weights_X_112_xwqg-A00121_2019-05-15.npy
removed wrong scan: weights_X_27_xwqg-A00085_2019-09-16.npy
removed wrong scan: weights_X_32_xwqg-B00027_2020-04-30.npy
removed wrong scan: weights_X_167_xwqg-B00027_2020-04-30.npy
removed wrong scan: weights_X_68_xwqg-A00121_2019-05-15.npy
removed wrong scan: weights_X_162_xwqg-A00121_2019-05-15.npy
removed wrong scan: weights_X_135_xwqg-A00121_2019-05-15.npy
removed wrong scan: weights_X_132_xwqg-A00085_2019-09-16.npy
removed wrong scan: weights_X_75_xwqg-A00085_2019-09-16.npy
removed wrong scan: weights_X_35_xwqg-B00034_2020-04-03.npy
removed wrong scan: weights_X_83_xwqg-B00027_2020-04-30.npy
removed wrong scan: weights_X_117_xwqg-B00027_2020-04-30.npy
removed wrong scan: weights_X_65_xwqg-B00027_2020-04-30.npy
removed wrong scan: weights_X_57_xwqg-B00027_2020-04-30.npy
removed wrong scan: weights_X_191_xwqg-B00034_2020-04-03.npy
removed wrong scan: weights_X_163_xwqg-B00027_2020-04-30.npy
removed wrong scan: weights_X_40_xwqg-A00121_2019-05-15.npy
removed wrong scan: weights_X_18_xwqg-A00085_2019-09-16.npy
removed wrong scan: weights_X_107_xwqg-A00085_2019-09-16.npy
removed wrong scan: weights_X_36_xwqg-A00121_2019-05-15.npy
removed wrong scan: weights_X_61_xwqg-A00121_2019-05-15.npy
removed wrong scan: weights_X_122_xwqg-B00027_2020-04-30.npy
removed wrong scan: weights_X_44_xwqg-B00027_2020-04-30.npy
removed wrong scan: weights_X_139_xwqg-B00034_2020-04-03.npy
removed wrong scan: weights_X_152_xwqg-A00121_2019-05-15.npy
removed wrong scan: weights_X_115_xwqg-B00034_2020-04-03.npy
removed wrong scan: weights_X_45_xwqg-A00121_2019-05-15.npy
removed wrong scan: weights_X_26_xwqg-A00085_2019-09-16.npy
removed wrong scan: weights_X_218_xwqg-A00121_2019-05-15.npy
removed wrong scan: weights_X_169_xwqg-B00027_2020-04-30.npy
removed wrong scan: weights_X_129_xwqg-B00034_2020-04-03.npy
removed wrong scan: weights_X_125_xwqg-B00034_2020-04-03.npy
removed wrong scan: weights_X_38_xwqg-A00121_2019-05-15.npy
removed wrong scan: weights_X_1_xwqg-A00085_2019-09-16.npy
removed wrong scan: weights_X_102_xwqg-B00027_2020-04-30.npy
removed wrong scan: weights_X_112_xwqg-A00085_2019-09-16.npy
removed wrong scan: weights_X_229_xwqg-A00121_2019-05-15.npy
removed wrong scan: weights_X_219_xwqg-A00121_2019-05-15.npy
removed wrong scan: weights_X_154_xwqg-A00121_2019-05-15.npy
removed wrong scan: weights_X_181_xwqg-B00034_2020-04-03.npy
removed wrong scan: weights_X_53_xwqg-A00085_2019-09-16.npy
removed wrong scan: weights_X_11_xwqg-B00027_2020-04-30.npy
removed wrong scan: weights_X_48_xwqg-B00027_2020-04-30.npy
removed wrong scan: weights_X_2_xwqg-A00121_2019-05-15.npy
removed wrong scan: weights_X_7_xwqg-A00085_2019-09-16.npy
removed wrong scan: weights_X_118_xwqg-A00121_2019-05-15.npy
removed wrong scan: weights_X_117_xwqg-A00121_2019-05-15.npy
removed wrong scan: weights_X_122_xwqg-A00085_2019-09-16.npy
removed wrong scan: weights_X_74_xwqg-A00121_2019-05-15.npy
removed wrong scan: weights_X_207_xwqg-A00121_2019-05-15.npy
removed wrong scan: weights_X_90_xwqg-B00034_2020-04-03.npy
removed wrong scan: weights_X_175_xwqg-B00034_2020-04-03.npy
removed wrong scan: weights_X_10_xwqg-B00034_2020-04-03.npy
removed wrong scan: weights_X_196_xwqg-B00027_2020-04-30.npy
removed wrong scan: weights_X_24_xwqg-A00085_2019-09-16.npy
removed wrong scan: weights_X_63_xwqg-B00034_2020-04-03.npy
removed wrong scan: weights_X_19_xwqg-A00121_2019-05-15.npy
removed wrong scan: weights_X_200_xwqg-A00121_2019-05-15.npy
removed wrong scan: weights_X_34_xwqg-A00121_2019-05-15.npy
removed wrong scan: weights_X_34_xwqg-A00085_2019-09-16.npy
removed wrong scan: weights_X_80_xwqg-B00027_2020-04-30.npy
removed wrong scan: weights_X_168_xwqg-B00034_2020-04-03.npy
removed wrong scan: weights_X_156_xwqg-B00034_2020-04-03.npy
removed wrong scan: weights_X_46_xwqg-A00085_2019-09-16.npy
removed wrong scan: weights_X_128_xwqg-A00121_2019-05-15.npy
removed wrong scan: weights_X_172_xwqg-B00034_2020-04-03.npy
removed wrong scan: weights_X_104_xwqg-B00034_2020-04-03.npy
removed wrong scan: weights_X_41_xwqg-A00121_2019-05-15.npy
removed wrong scan: weights_X_123_xwqg-B00027_2020-04-30.npy
removed wrong scan: weights_X_89_xwqg-B00034_2020-04-03.npy
removed wrong scan: weights_X_197_xwqg-B00027_2020-04-30.npy
removed wrong scan: weights_X_42_xwqg-A00085_2019-09-16.npy
removed wrong scan: weights_X_179_xwqg-B00027_2020-04-30.npy
removed wrong scan: weights_X_75_xwqg-B00034_2020-04-03.npy
removed wrong scan: weights_X_148_xwqg-B00034_2020-04-03.npy
removed wrong scan: weights_X_105_xwqg-B00027_2020-04-30.npy
removed wrong scan: weights_X_165_xwqg-A00121_2019-05-15.npy
removed wrong scan: weights_X_30_xwqg-A00121_2019-05-15.npy
removed wrong scan: weights_X_167_xwqg-B00034_2020-04-03.npy
removed wrong scan: weights_X_202_xwqg-B00034_2020-04-03.npy
removed wrong scan: weights_X_150_xwqg-B00034_2020-04-03.npy
removed wrong scan: weights_X_115_xwqg-B00027_2020-04-30.npy
removed wrong scan: weights_X_68_xwqg-B00027_2020-04-30.npy
removed wrong scan: weights_X_98_xwqg-A00121_2019-05-15.npy
removed wrong scan: weights_X_131_xwqg-A00085_2019-09-16.npy
removed wrong scan: weights_X_173_xwqg-B00027_2020-04-30.npy
removed wrong scan: weights_X_24_xwqg-A00121_2019-05-15.npy
removed wrong scan: weights_X_135_xwqg-B00027_2020-04-30.npy
removed wrong scan: weights_X_121_xwqg-B00034_2020-04-03.npy
removed wrong scan: weights_X_83_xwqg-B00034_2020-04-03.npy
removed wrong scan: weights_X_76_xwqg-A00085_2019-09-16.npy
removed wrong scan: weights_X_21_xwqg-B00027_2020-04-30.npy
removed wrong scan: weights_X_188_xwqg-B00027_2020-04-30.npy
removed wrong scan: weights_X_16_xwqg-B00027_2020-04-30.npy
removed wrong scan: weights_X_30_xwqg-A00085_2019-09-16.npy
removed wrong scan: weights_X_47_xwqg-B00034_2020-04-03.npy
removed wrong scan: weights_X_180_xwqg-B00034_2020-04-03.npy
removed wrong scan: weights_X_166_xwqg-A00121_2019-05-15.npy
removed wrong scan: weights_X_129_xwqg-B00027_2020-04-30.npy
removed wrong scan: weights_X_50_xwqg-B00034_2020-04-03.npy
removed wrong scan: weights_X_31_xwqg-B00034_2020-04-03.npy
removed wrong scan: weights_X_182_xwqg-A00121_2019-05-15.npy
removed wrong scan: weights_X_114_xwqg-A00121_2019-05-15.npy
removed wrong scan: weights_X_92_xwqg-B00034_2020-04-03.npy
removed wrong scan: weights_X_120_xwqg-B00034_2020-04-03.npy
removed wrong scan: weights_X_47_xwqg-A00121_2019-05-15.npy
removed wrong scan: weights_X_192_xwqg-B00034_2020-04-03.npy
removed wrong scan: weights_X_139_xwqg-B00027_2020-04-30.npy
removed wrong scan: weights_X_2_xwqg-A00085_2019-09-16.npy
removed wrong scan: weights_X_228_xwqg-A00121_2019-05-15.npy
removed wrong scan: weights_X_201_xwqg-B00027_2020-04-30.npy
removed wrong scan: weights_X_95_xwqg-A00121_2019-05-15.npy
removed wrong scan: weights_X_132_xwqg-B00027_2020-04-30.npy
removed wrong scan: weights_X_133_xwqg-A00085_2019-09-16.npy
removed wrong scan: weights_X_199_xwqg-A00121_2019-05-15.npy
removed wrong scan: weights_X_35_xwqg-A00085_2019-09-16.npy
removed wrong scan: weights_X_76_xwqg-B00027_2020-04-30.npy
removed wrong scan: weights_X_241_xwqg-A00121_2019-05-15.npy
removed wrong scan: weights_X_204_xwqg-B00034_2020-04-03.npy
removed wrong scan: weights_X_11_xwqg-B00034_2020-04-03.npy
removed wrong scan: weights_X_67_xwqg-B00027_2020-04-30.npy
removed wrong scan: weights_X_56_xwqg-B00027_2020-04-30.npy
removed wrong scan: weights_X_45_xwqg-B00034_2020-04-03.npy
removed wrong scan: weights_X_116_xwqg-A00121_2019-05-15.npy
removed wrong scan: weights_X_30_xwqg-B00034_2020-04-03.npy
removed wrong scan: weights_X_86_xwqg-B00027_2020-04-30.npy
removed wrong scan: weights_X_78_xwqg-A00085_2019-09-16.npy
removed wrong scan: weights_X_6_xwqg-A00085_2019-09-16.npy
removed wrong scan: weights_X_156_xwqg-B00027_2020-04-30.npy
removed wrong scan: weights_X_50_xwqg-A00085_2019-09-16.npy
removed wrong scan: weights_X_141_xwqg-B00027_2020-04-30.npy
removed wrong scan: weights_X_144_xwqg-A00121_2019-05-15.npy
removed wrong scan: weights_X_13_xwqg-A00085_2019-09-16.npy
removed wrong scan: weights_X_50_xwqg-A00121_2019-05-15.npy
removed wrong scan: weights_X_172_xwqg-A00121_2019-05-15.npy
removed wrong scan: weights_X_61_xwqg-A00085_2019-09-16.npy
removed wrong scan: weights_X_130_xwqg-A00085_2019-09-16.npy
removed wrong scan: weights_X_76_xwqg-A00121_2019-05-15.npy
removed wrong scan: weights_X_140_xwqg-B00027_2020-04-30.npy
removed wrong scan: weights_X_202_xwqg-B00027_2020-04-30.npy
removed wrong scan: weights_X_6_xwqg-A00121_2019-05-15.npy
removed wrong scan: weights_X_189_xwqg-A00121_2019-05-15.npy
removed wrong scan: weights_X_155_xwqg-B00034_2020-04-03.npy
removed wrong scan: weights_X_210_xwqg-B00034_2020-04-03.npy
removed wrong scan: weights_X_66_xwqg-B00027_2020-04-30.npy
removed wrong scan: weights_X_193_xwqg-B00034_2020-04-03.npy
removed wrong scan: weights_X_159_xwqg-A00121_2019-05-15.npy
removed wrong scan: weights_X_114_xwqg-A00085_2019-09-16.npy
removed wrong scan: weights_X_210_xwqg-A00121_2019-05-15.npy
removed wrong scan: weights_X_104_xwqg-A00085_2019-09-16.npy
removed wrong scan: weights_X_163_xwqg-B00034_2020-04-03.npy
removed wrong scan: weights_X_174_xwqg-B00034_2020-04-03.npy
removed wrong scan: weights_X_40_xwqg-B00027_2020-04-30.npy
removed wrong scan: weights_X_12_xwqg-A00121_2019-05-15.npy
removed wrong scan: weights_X_137_xwqg-B00027_2020-04-30.npy
removed wrong scan: weights_X_60_xwqg-A00085_2019-09-16.npy
removed wrong scan: weights_X_120_xwqg-A00085_2019-09-16.npy
removed wrong scan: weights_X_102_xwqg-A00121_2019-05-15.npy
removed wrong scan: weights_X_41_xwqg-B00034_2020-04-03.npy
removed wrong scan: weights_X_83_xwqg-A00121_2019-05-15.npy
removed wrong scan: weights_X_5_xwqg-B00027_2020-04-30.npy
removed wrong scan: weights_X_11_xwqg-A00121_2019-05-15.npy
removed wrong scan: weights_X_116_xwqg-B00034_2020-04-03.npy
removed wrong scan: weights_X_160_xwqg-B00034_2020-04-03.npy
removed wrong scan: weights_X_161_xwqg-A00121_2019-05-15.npy
removed wrong scan: weights_X_197_xwqg-A00121_2019-05-15.npy
removed wrong scan: weights_X_54_xwqg-B00034_2020-04-03.npy
removed wrong scan: weights_X_176_xwqg-A00121_2019-05-15.npy
removed wrong scan: weights_X_242_xwqg-A00121_2019-05-15.npy
removed wrong scan: weights_X_117_xwqg-B00034_2020-04-03.npy
removed wrong scan: weights_X_178_xwqg-B00034_2020-04-03.npy
removed wrong scan: weights_X_17_xwqg-B00027_2020-04-30.npy
removed wrong scan: weights_X_198_xwqg-B00027_2020-04-30.npy
removed wrong scan: weights_X_123_xwqg-A00121_2019-05-15.npy
removed wrong scan: weights_X_31_xwqg-A00121_2019-05-15.npy
removed wrong scan: weights_X_108_xwqg-A00085_2019-09-16.npy
removed wrong scan: weights_X_119_xwqg-B00027_2020-04-30.npy
removed wrong scan: weights_X_149_xwqg-B00034_2020-04-03.npy
removed wrong scan: weights_X_28_xwqg-A00121_2019-05-15.npy
removed wrong scan: weights_X_64_xwqg-A00085_2019-09-16.npy
removed wrong scan: weights_X_190_xwqg-B00027_2020-04-30.npy
removed wrong scan: weights_X_8_xwqg-A00121_2019-05-15.npy
removed wrong scan: weights_X_118_xwqg-B00034_2020-04-03.npy
removed wrong scan: weights_X_111_xwqg-A00121_2019-05-15.npy
removed wrong scan: weights_X_64_xwqg-B00027_2020-04-30.npy
removed wrong scan: weights_X_97_xwqg-B00034_2020-04-03.npy
removed wrong scan: weights_X_136_xwqg-B00027_2020-04-30.npy
removed wrong scan: weights_X_26_xwqg-B00034_2020-04-03.npy
removed wrong scan: weights_X_226_xwqg-A00121_2019-05-15.npy
removed wrong scan: weights_X_143_xwqg-B00027_2020-04-30.npy
removed wrong scan: weights_X_183_xwqg-B00027_2020-04-30.npy
removed wrong scan: weights_X_212_xwqg-A00121_2019-05-15.npy
removed wrong scan: weights_X_179_xwqg-A00121_2019-05-15.npy
removed wrong scan: weights_X_96_xwqg-A00085_2019-09-16.npy
removed wrong scan: weights_X_137_xwqg-A00085_2019-09-16.npy
removed wrong scan: weights_X_99_xwqg-B00034_2020-04-03.npy
removed wrong scan: weights_X_225_xwqg-A00121_2019-05-15.npy
removed wrong scan: weights_X_72_xwqg-B00034_2020-04-03.npy
removed wrong scan: weights_X_24_xwqg-B00027_2020-04-30.npy
removed wrong scan: weights_X_205_xwqg-A00121_2019-05-15.npy
removed wrong scan: weights_X_80_xwqg-A00121_2019-05-15.npy
removed wrong scan: weights_X_8_xwqg-B00034_2020-04-03.npy
removed wrong scan: weights_X_97_xwqg-A00085_2019-09-16.npy
removed wrong scan: weights_X_7_xwqg-B00034_2020-04-03.npy
removed wrong scan: weights_X_90_xwqg-A00121_2019-05-15.npy
removed wrong scan: weights_X_164_xwqg-B00027_2020-04-30.npy
removed wrong scan: weights_X_66_xwqg-B00034_2020-04-03.npy
removed wrong scan: weights_X_63_xwqg-A00085_2019-09-16.npy
removed wrong scan: weights_X_14_xwqg-A00121_2019-05-15.npy
removed wrong scan: weights_X_88_xwqg-A00085_2019-09-16.npy
removed wrong scan: weights_X_40_xwqg-A00085_2019-09-16.npy
removed wrong scan: weights_X_82_xwqg-B00034_2020-04-03.npy
removed wrong scan: weights_X_107_xwqg-B00027_2020-04-30.npy
removed wrong scan: weights_X_32_xwqg-A00085_2019-09-16.npy
removed wrong scan: weights_X_88_xwqg-A00121_2019-05-15.npy
removed wrong scan: weights_X_137_xwqg-B00034_2020-04-03.npy
removed wrong scan: weights_X_98_xwqg-A00085_2019-09-16.npy
removed wrong scan: weights_X_207_xwqg-B00034_2020-04-03.npy
removed wrong scan: weights_X_30_xwqg-B00027_2020-04-30.npy
removed wrong scan: weights_X_101_xwqg-B00027_2020-04-30.npy
removed wrong scan: weights_X_18_xwqg-B00034_2020-04-03.npy
removed wrong scan: weights_X_14_xwqg-B00034_2020-04-03.npy
removed wrong scan: weights_X_162_xwqg-B00027_2020-04-30.npy
removed wrong scan: weights_X_134_xwqg-A00121_2019-05-15.npy
removed wrong scan: weights_X_109_xwqg-B00027_2020-04-30.npy
removed wrong scan: weights_X_209_xwqg-A00121_2019-05-15.npy
removed wrong scan: weights_X_111_xwqg-B00027_2020-04-30.npy
removed wrong scan: weights_X_181_xwqg-B00027_2020-04-30.npy
removed wrong scan: weights_X_75_xwqg-A00121_2019-05-15.npy
removed wrong scan: weights_X_68_xwqg-A00085_2019-09-16.npy
removed wrong scan: weights_X_50_xwqg-B00027_2020-04-30.npy
removed wrong scan: weights_X_138_xwqg-B00034_2020-04-03.npy
removed wrong scan: weights_X_128_xwqg-B00034_2020-04-03.npy
removed wrong scan: weights_X_134_xwqg-A00085_2019-09-16.npy
removed wrong scan: weights_X_177_xwqg-A00121_2019-05-15.npy
removed wrong scan: weights_X_75_xwqg-B00027_2020-04-30.npy
removed wrong scan: weights_X_122_xwqg-B00034_2020-04-03.npy
removed wrong scan: weights_X_78_xwqg-B00034_2020-04-03.npy
removed wrong scan: weights_X_73_xwqg-B00027_2020-04-30.npy
removed wrong scan: weights_X_173_xwqg-B00034_2020-04-03.npy
removed wrong scan: weights_X_27_xwqg-B00034_2020-04-03.npy
removed wrong scan: weights_X_208_xwqg-B00034_2020-04-03.npy
removed wrong scan: weights_X_81_xwqg-A00085_2019-09-16.npy
removed wrong scan: weights_X_108_xwqg-B00027_2020-04-30.npy
removed wrong scan: weights_X_110_xwqg-B00034_2020-04-03.npy
removed wrong scan: weights_X_39_xwqg-B00034_2020-04-03.npy
removed wrong scan: weights_X_84_xwqg-B00027_2020-04-30.npy
removed wrong scan: weights_X_3_xwqg-A00085_2019-09-16.npy
removed wrong scan: weights_X_187_xwqg-B00034_2020-04-03.npy
removed wrong scan: weights_X_84_xwqg-B00034_2020-04-03.npy
removed wrong scan: weights_X_133_xwqg-B00027_2020-04-30.npy
removed wrong scan: weights_X_73_xwqg-A00085_2019-09-16.npy
removed wrong scan: weights_X_20_xwqg-A00085_2019-09-16.npy
removed wrong scan: weights_X_59_xwqg-B00034_2020-04-03.npy
removed wrong scan: weights_X_100_xwqg-A00121_2019-05-15.npy
removed wrong scan: weights_X_19_xwqg-B00027_2020-04-30.npy
removed wrong scan: weights_X_28_xwqg-A00085_2019-09-16.npy
removed wrong scan: weights_X_213_xwqg-A00121_2019-05-15.npy
removed wrong scan: weights_X_155_xwqg-A00121_2019-05-15.npy
removed wrong scan: weights_X_240_xwqg-A00121_2019-05-15.npy
removed wrong scan: weights_X_195_xwqg-B00034_2020-04-03.npy
removed wrong scan: weights_X_176_xwqg-B00034_2020-04-03.npy
removed wrong scan: weights_X_33_xwqg-B00034_2020-04-03.npy
removed wrong scan: weights_X_140_xwqg-B00034_2020-04-03.npy
removed wrong scan: weights_X_52_xwqg-A00085_2019-09-16.npy
removed wrong scan: weights_X_42_xwqg-B00034_2020-04-03.npy
removed wrong scan: weights_X_134_xwqg-B00034_2020-04-03.npy
removed wrong scan: weights_X_47_xwqg-B00027_2020-04-30.npy
removed wrong scan: weights_X_157_xwqg-B00034_2020-04-03.npy
removed wrong scan: weights_X_200_xwqg-B00034_2020-04-03.npy
removed wrong scan: weights_X_141_xwqg-A00121_2019-05-15.npy
removed wrong scan: weights_X_150_xwqg-A00121_2019-05-15.npy
removed wrong scan: weights_X_23_xwqg-A00085_2019-09-16.npy
removed wrong scan: weights_X_24_xwqg-B00034_2020-04-03.npy
removed wrong scan: weights_X_79_xwqg-A00085_2019-09-16.npy
removed wrong scan: weights_X_49_xwqg-A00121_2019-05-15.npy
# all image files: 12135 # all weight files in weight_dir: 2534 # image files with weight 2516
train: /ibex/scratch/projects/c2052/air_tube_seg/training_samples_enhanced/X 9316
Using 4 GPUs
...training function Done
